<?xml version="1.0" encoding="utf-8"?>
<coverage line-rate="0.9861" branch-rate="0.9285" version="1.9" timestamp="1773730494" lines-covered="142" lines-valid="144" branches-covered="26" branches-valid="28">
  <sources>
    <source>/Users/davide/Documents/GitHub/lamp/lamp-control-api-reference/.claude/worktrees/stupefied-johnson/src/csharp/LampControlApi/</source>
  </sources>
  <packages>
    <package name="LampControlApi" line-rate="0.9861" branch-rate="0.9285" complexity="42">
      <classes>
        <class name="LampControlApi.Services.InMemoryLampRepository" filename="Services/InMemoryLampRepository.cs" line-rate="0.9487000000000001" branch-rate="0.8" complexity="14">
          <methods>
            <method name="GetAllAsync" signature="(System.Threading.CancellationToken)" line-rate="1" branch-rate="1" complexity="1">
              <lines>
                <line number="32" hits="3" branch="False" />
                <line number="33" hits="3" branch="False" />
                <line number="34" hits="3" branch="False" />
              </lines>
            </method>
            <method name="ListAsync" signature="(System.Int32,System.Int32,System.Threading.CancellationToken)" line-rate="0.8332999999999999" branch-rate="0.5" complexity="4">
              <lines>
                <line number="40" hits="6" branch="True" condition-coverage="50% (1/2)">
                  <conditions>
                    <condition number="2" type="jump" coverage="50%" />
                  </conditions>
                </line>
                <line number="42" hits="0" branch="False" />
                <line number="45" hits="6" branch="True" condition-coverage="50% (1/2)">
                  <conditions>
                    <condition number="22" type="jump" coverage="50%" />
                  </conditions>
                </line>
                <line number="47" hits="0" branch="False" />
                <line number="50" hits="6" branch="False" />
                <line number="51" hits="6" branch="False" />
                <line number="52" hits="6" branch="False" />
                <line number="53" hits="6" branch="False" />
                <line number="54" hits="6" branch="False" />
                <line number="55" hits="6" branch="False" />
                <line number="56" hits="6" branch="False" />
                <line number="57" hits="6" branch="False" />
              </lines>
            </method>
            <method name="GetByIdAsync" signature="(System.Guid,System.Threading.CancellationToken)" line-rate="1" branch-rate="1" complexity="1">
              <lines>
                <line number="63" hits="4" branch="False" />
                <line number="64" hits="4" branch="False" />
                <line number="65" hits="4" branch="False" />
              </lines>
            </method>
            <method name="CreateAsync" signature="(LampControlApi.Domain.Entities.LampEntity,System.Threading.CancellationToken)" line-rate="1" branch-rate="1" complexity="4">
              <lines>
                <line number="71" hits="17" branch="False" />
                <line number="73" hits="17" branch="True" condition-coverage="100% (2/2)">
                  <conditions>
                    <condition number="8" type="jump" coverage="100%" />
                  </conditions>
                </line>
                <line number="75" hits="1" branch="False" />
                <line number="80" hits="16" branch="False" />
                <line number="81" hits="16" branch="True" condition-coverage="100% (2/2)">
                  <conditions>
                    <condition number="47" type="jump" coverage="100%" />
                  </conditions>
                </line>
                <line number="82" hits="16" branch="False" />
                <line number="83" hits="16" branch="False" />
                <line number="85" hits="16" branch="False" />
                <line number="86" hits="16" branch="False" />
              </lines>
            </method>
            <method name="UpdateAsync" signature="(System.Guid,System.Boolean,System.Threading.CancellationToken)" line-rate="1" branch-rate="1" complexity="2">
              <lines>
                <line number="92" hits="3" branch="False" />
                <line number="94" hits="3" branch="True" condition-coverage="100% (2/2)">
                  <conditions>
                    <condition number="21" type="jump" coverage="100%" />
                  </conditions>
                </line>
                <line number="97" hits="2" branch="False" />
                <line number="98" hits="2" branch="False" />
                <line number="99" hits="2" branch="False" />
                <line number="102" hits="1" branch="False" />
              </lines>
            </method>
            <method name="DeleteAsync" signature="(System.Guid,System.Threading.CancellationToken)" line-rate="1" branch-rate="1" complexity="1">
              <lines>
                <line number="108" hits="3" branch="False" />
                <line number="109" hits="3" branch="False" />
                <line number="110" hits="3" branch="False" />
              </lines>
            </method>
            <method name=".ctor" signature="()" line-rate="1" branch-rate="1" complexity="1">
              <lines>
                <line number="19" hits="13" branch="False" />
                <line number="25" hits="13" branch="False" />
                <line number="27" hits="13" branch="False" />
              </lines>
            </method>
          </methods>
          <lines>
            <line number="32" hits="3" branch="False" />
            <line number="33" hits="3" branch="False" />
            <line number="34" hits="3" branch="False" />
            <line number="40" hits="6" branch="True" condition-coverage="50% (1/2)">
              <conditions>
                <condition number="2" type="jump" coverage="50%" />
              </conditions>
            </line>
            <line number="42" hits="0" branch="False" />
            <line number="45" hits="6" branch="True" condition-coverage="50% (1/2)">
              <conditions>
                <condition number="22" type="jump" coverage="50%" />
              </conditions>
            </line>
            <line number="47" hits="0" branch="False" />
            <line number="50" hits="6" branch="False" />
            <line number="51" hits="6" branch="False" />
            <line number="52" hits="6" branch="False" />
            <line number="53" hits="6" branch="False" />
            <line number="54" hits="6" branch="False" />
            <line number="55" hits="6" branch="False" />
            <line number="56" hits="6" branch="False" />
            <line number="57" hits="6" branch="False" />
            <line number="63" hits="4" branch="False" />
            <line number="64" hits="4" branch="False" />
            <line number="65" hits="4" branch="False" />
            <line number="71" hits="17" branch="False" />
            <line number="73" hits="17" branch="True" condition-coverage="100% (2/2)">
              <conditions>
                <condition number="8" type="jump" coverage="100%" />
              </conditions>
            </line>
            <line number="75" hits="1" branch="False" />
            <line number="80" hits="16" branch="False" />
            <line number="81" hits="16" branch="True" condition-coverage="100% (2/2)">
              <conditions>
                <condition number="47" type="jump" coverage="100%" />
              </conditions>
            </line>
            <line number="82" hits="16" branch="False" />
            <line number="83" hits="16" branch="False" />
            <line number="85" hits="16" branch="False" />
            <line number="86" hits="16" branch="False" />
            <line number="92" hits="3" branch="False" />
            <line number="94" hits="3" branch="True" condition-coverage="100% (2/2)">
              <conditions>
                <condition number="21" type="jump" coverage="100%" />
              </conditions>
            </line>
            <line number="97" hits="2" branch="False" />
            <line number="98" hits="2" branch="False" />
            <line number="99" hits="2" branch="False" />
            <line number="102" hits="1" branch="False" />
            <line number="108" hits="3" branch="False" />
            <line number="109" hits="3" branch="False" />
            <line number="110" hits="3" branch="False" />
            <line number="19" hits="13" branch="False" />
            <line number="25" hits="13" branch="False" />
            <line number="27" hits="13" branch="False" />
          </lines>
        </class>
        <class name="LampControlApi.Services.LampControllerImplementation" filename="Services/LampControllerImplementation.cs" line-rate="1" branch-rate="1" complexity="2">
          <methods>
            <method name=".ctor" signature="(LampControlApi.Domain.Repositories.ILampRepository)" line-rate="1" branch-rate="1" complexity="2">
              <lines>
                <line number="27" hits="39" branch="False" />
                <line number="29" hits="39" branch="True" condition-coverage="100% (2/2)">
                  <conditions>
                    <condition number="9" type="jump" coverage="100%" />
                  </conditions>
                </line>
                <line number="30" hits="38" branch="False" />
              </lines>
            </method>
          </methods>
          <lines>
            <line number="27" hits="39" branch="False" />
            <line number="29" hits="39" branch="True" condition-coverage="100% (2/2)">
              <conditions>
                <condition number="9" type="jump" coverage="100%" />
              </conditions>
            </line>
            <line number="30" hits="38" branch="False" />
          </lines>
        </class>
        <class name="LampControlApi.Services.PostgresLampRepository" filename="Services/PostgresLampRepository.cs" line-rate="1" branch-rate="1" complexity="5">
          <methods>
            <method name="MapToDomain" signature="(LampControlApi.Infrastructure.Database.LampDbEntity)" line-rate="1" branch-rate="1" complexity="1">
              <lines>
                <line number="199" hits="52" branch="False" />
                <line number="200" hits="52" branch="False" />
                <line number="201" hits="52" branch="False" />
                <line number="202" hits="52" branch="False" />
                <line number="203" hits="52" branch="False" />
              </lines>
            </method>
            <method name=".ctor" signature="(LampControlApi.Infrastructure.Database.LampControlDbContext,Microsoft.Extensions.Logging.ILogger`1&lt;LampControlApi.Services.PostgresLampRepository&gt;)" line-rate="1" branch-rate="1" complexity="4">
              <lines>
                <line number="27" hits="24" branch="False" />
                <line number="28" hits="24" branch="False" />
                <line number="29" hits="24" branch="False" />
                <line number="31" hits="24" branch="True" condition-coverage="100% (2/2)">
                  <conditions>
                    <condition number="9" type="jump" coverage="100%" />
                  </conditions>
                </line>
                <line number="32" hits="23" branch="True" condition-coverage="100% (2/2)">
                  <conditions>
                    <condition number="31" type="jump" coverage="100%" />
                  </conditions>
                </line>
                <line number="33" hits="22" branch="False" />
              </lines>
            </method>
          </methods>
          <lines>
            <line number="199" hits="52" branch="False" />
            <line number="200" hits="52" branch="False" />
            <line number="201" hits="52" branch="False" />
            <line number="202" hits="52" branch="False" />
            <line number="203" hits="52" branch="False" />
            <line number="27" hits="24" branch="False" />
            <line number="28" hits="24" branch="False" />
            <line number="29" hits="24" branch="False" />
            <line number="31" hits="24" branch="True" condition-coverage="100% (2/2)">
              <conditions>
                <condition number="9" type="jump" coverage="100%" />
              </conditions>
            </line>
            <line number="32" hits="23" branch="True" condition-coverage="100% (2/2)">
              <conditions>
                <condition number="31" type="jump" coverage="100%" />
              </conditions>
            </line>
            <line number="33" hits="22" branch="False" />
          </lines>
        </class>
        <class name="LampControlApi.Middleware.ExceptionHandlingMiddleware" filename="Middleware/ExceptionHandlingMiddleware.cs" line-rate="1" branch-rate="1" complexity="2">
          <methods>
            <method name=".ctor" signature="(Microsoft.AspNetCore.Http.RequestDelegate,Microsoft.Extensions.Logging.ILogger`1&lt;LampControlApi.Middleware.ExceptionHandlingMiddleware&gt;)" line-rate="1" branch-rate="1" complexity="1">
              <lines>
                <line number="25" hits="1" branch="False" />
                <line number="27" hits="1" branch="False" />
                <line number="28" hits="1" branch="False" />
                <line number="29" hits="1" branch="False" />
              </lines>
            </method>
            <method name=".cctor" signature="()" line-rate="1" branch-rate="1" complexity="1">
              <lines>
                <line number="12" hits="1" branch="False" />
                <line number="13" hits="1" branch="False" />
                <line number="14" hits="1" branch="False" />
                <line number="15" hits="1" branch="False" />
              </lines>
            </method>
          </methods>
          <lines>
            <line number="25" hits="1" branch="False" />
            <line number="27" hits="1" branch="False" />
            <line number="28" hits="1" branch="False" />
            <line number="29" hits="1" branch="False" />
            <line number="12" hits="1" branch="False" />
            <line number="13" hits="1" branch="False" />
            <line number="14" hits="1" branch="False" />
            <line number="15" hits="1" branch="False" />
          </lines>
        </class>
        <class name="LampControlApi.Infrastructure.Database.LampControlDbContext" filename="Infrastructure/Database/LampControlDbContext.cs" line-rate="1" branch-rate="1" complexity="2">
          <methods>
            <method name="OnModelCreating" signature="(Microsoft.EntityFrameworkCore.ModelBuilder)" line-rate="1" branch-rate="1" complexity="1">
              <lines>
                <line number="31" hits="2" branch="False" />
                <line number="33" hits="2" branch="False" />
                <line number="34" hits="2" branch="False" />
                <line number="35" hits="2" branch="False" />
                <line number="36" hits="2" branch="False" />
                <line number="37" hits="2" branch="False" />
                <line number="38" hits="2" branch="False" />
                <line number="39" hits="2" branch="False" />
                <line number="40" hits="2" branch="False" />
                <line number="41" hits="2" branch="False" />
                <line number="42" hits="2" branch="False" />
                <line number="43" hits="2" branch="False" />
                <line number="44" hits="2" branch="False" />
                <line number="45" hits="2" branch="False" />
                <line number="46" hits="2" branch="False" />
                <line number="47" hits="2" branch="False" />
                <line number="48" hits="2" branch="False" />
                <line number="49" hits="2" branch="False" />
                <line number="50" hits="2" branch="False" />
                <line number="51" hits="2" branch="False" />
                <line number="52" hits="2" branch="False" />
                <line number="53" hits="2" branch="False" />
                <line number="54" hits="2" branch="False" />
                <line number="55" hits="2" branch="False" />
                <line number="56" hits="2" branch="False" />
                <line number="57" hits="2" branch="False" />
                <line number="58" hits="2" branch="False" />
                <line number="59" hits="2" branch="False" />
                <line number="60" hits="2" branch="False" />
                <line number="61" hits="2" branch="False" />
                <line number="62" hits="2" branch="False" />
                <line number="63" hits="2" branch="False" />
                <line number="64" hits="2" branch="False" />
                <line number="65" hits="2" branch="False" />
                <line number="66" hits="2" branch="False" />
                <line number="67" hits="2" branch="False" />
                <line number="68" hits="2" branch="False" />
                <line number="69" hits="2" branch="False" />
                <line number="70" hits="2" branch="False" />
                <line number="71" hits="2" branch="False" />
                <line number="72" hits="2" branch="False" />
                <line number="73" hits="2" branch="False" />
                <line number="74" hits="2" branch="False" />
                <line number="75" hits="2" branch="False" />
                <line number="76" hits="2" branch="False" />
                <line number="77" hits="2" branch="False" />
              </lines>
            </method>
            <method name=".ctor" signature="(Microsoft.EntityFrameworkCore.DbContextOptions`1&lt;LampControlApi.Infrastructure.Database.LampControlDbContext&gt;)" line-rate="1" branch-rate="1" complexity="1">
              <lines>
                <line number="16" hits="32" branch="False" />
                <line number="18" hits="32" branch="False" />
              </lines>
            </method>
          </methods>
          <lines>
            <line number="31" hits="2" branch="False" />
            <line number="33" hits="2" branch="False" />
            <line number="34" hits="2" branch="False" />
            <line number="35" hits="2" branch="False" />
            <line number="36" hits="2" branch="False" />
            <line number="37" hits="2" branch="False" />
            <line number="38" hits="2" branch="False" />
            <line number="39" hits="2" branch="False" />
            <line number="40" hits="2" branch="False" />
            <line number="41" hits="2" branch="False" />
            <line number="42" hits="2" branch="False" />
            <line number="43" hits="2" branch="False" />
            <line number="44" hits="2" branch="False" />
            <line number="45" hits="2" branch="False" />
            <line number="46" hits="2" branch="False" />
            <line number="47" hits="2" branch="False" />
            <line number="48" hits="2" branch="False" />
            <line number="49" hits="2" branch="False" />
            <line number="50" hits="2" branch="False" />
            <line number="51" hits="2" branch="False" />
            <line number="52" hits="2" branch="False" />
            <line number="53" hits="2" branch="False" />
            <line number="54" hits="2" branch="False" />
            <line number="55" hits="2" branch="False" />
            <line number="56" hits="2" branch="False" />
            <line number="57" hits="2" branch="False" />
            <line number="58" hits="2" branch="False" />
            <line number="59" hits="2" branch="False" />
            <line number="60" hits="2" branch="False" />
            <line number="61" hits="2" branch="False" />
            <line number="62" hits="2" branch="False" />
            <line number="63" hits="2" branch="False" />
            <line number="64" hits="2" branch="False" />
            <line number="65" hits="2" branch="False" />
            <line number="66" hits="2" branch="False" />
            <line number="67" hits="2" branch="False" />
            <line number="68" hits="2" branch="False" />
            <line number="69" hits="2" branch="False" />
            <line number="70" hits="2" branch="False" />
            <line number="71" hits="2" branch="False" />
            <line number="72" hits="2" branch="False" />
            <line number="73" hits="2" branch="False" />
            <line number="74" hits="2" branch="False" />
            <line number="75" hits="2" branch="False" />
            <line number="76" hits="2" branch="False" />
            <line number="77" hits="2" branch="False" />
            <line number="16" hits="32" branch="False" />
            <line number="18" hits="32" branch="False" />
          </lines>
        </class>
        <class name="LampControlApi.Domain.Mappers.LampMapper" filename="Domain/Mappers/LampMapper.cs" line-rate="1" branch-rate="1" complexity="10">
          <methods>
            <method name="ToApiModel" signature="(LampControlApi.Domain.Entities.LampEntity)" line-rate="1" branch-rate="1" complexity="2">
              <lines>
                <line number="21" hits="20" branch="True" condition-coverage="100% (2/2)">
                  <conditions>
                    <condition number="1" type="jump" coverage="100%" />
                  </conditions>
                </line>
                <line number="23" hits="1" branch="False" />
                <line number="26" hits="19" branch="False" />
                <line number="27" hits="19" branch="False" />
                <line number="28" hits="19" branch="False" />
                <line number="29" hits="19" branch="False" />
                <line number="30" hits="19" branch="False" />
                <line number="31" hits="19" branch="False" />
                <line number="32" hits="19" branch="False" />
              </lines>
            </method>
            <method name="ToDomainEntity" signature="(LampControlApi.Controllers.Lamp)" line-rate="1" branch-rate="1" complexity="2">
              <lines>
                <line number="42" hits="2" branch="True" condition-coverage="100% (2/2)">
                  <conditions>
                    <condition number="1" type="jump" coverage="100%" />
                  </conditions>
                </line>
                <line number="44" hits="1" branch="False" />
                <line number="47" hits="1" branch="False" />
                <line number="48" hits="1" branch="False" />
                <line number="49" hits="1" branch="False" />
                <line number="50" hits="1" branch="False" />
                <line number="51" hits="1" branch="False" />
              </lines>
            </method>
            <method name="ToDomainEntityCreate" signature="(LampControlApi.Controllers.LampCreate)" line-rate="1" branch-rate="1" complexity="2">
              <lines>
                <line number="61" hits="8" branch="True" condition-coverage="100% (2/2)">
                  <conditions>
                    <condition number="1" type="jump" coverage="100%" />
                  </conditions>
                </line>
                <line number="63" hits="1" branch="False" />
                <line number="66" hits="7" branch="False" />
              </lines>
            </method>
            <method name="UpdateDomainEntity" signature="(LampControlApi.Domain.Entities.LampEntity,LampControlApi.Controllers.LampUpdate)" line-rate="1" branch-rate="1" complexity="4">
              <lines>
                <line number="77" hits="4" branch="True" condition-coverage="100% (2/2)">
                  <conditions>
                    <condition number="1" type="jump" coverage="100%" />
                  </conditions>
                </line>
                <line number="79" hits="1" branch="False" />
                <line number="82" hits="3" branch="True" condition-coverage="100% (2/2)">
                  <conditions>
                    <condition number="15" type="jump" coverage="100%" />
                  </conditions>
                </line>
                <line number="84" hits="1" branch="False" />
                <line number="87" hits="2" branch="False" />
              </lines>
            </method>
          </methods>
          <lines>
            <line number="21" hits="20" branch="True" condition-coverage="100% (2/2)">
              <conditions>
                <condition number="1" type="jump" coverage="100%" />
              </conditions>
            </line>
            <line number="23" hits="1" branch="False" />
            <line number="26" hits="19" branch="False" />
            <line number="27" hits="19" branch="False" />
            <line number="28" hits="19" branch="False" />
            <line number="29" hits="19" branch="False" />
            <line number="30" hits="19" branch="False" />
            <line number="31" hits="19" branch="False" />
            <line number="32" hits="19" branch="False" />
            <line number="42" hits="2" branch="True" condition-coverage="100% (2/2)">
              <conditions>
                <condition number="1" type="jump" coverage="100%" />
              </conditions>
            </line>
            <line number="44" hits="1" branch="False" />
            <line number="47" hits="1" branch="False" />
            <line number="48" hits="1" branch="False" />
            <line number="49" hits="1" branch="False" />
            <line number="50" hits="1" branch="False" />
            <line number="51" hits="1" branch="False" />
            <line number="61" hits="8" branch="True" condition-coverage="100% (2/2)">
              <conditions>
                <condition number="1" type="jump" coverage="100%" />
              </conditions>
            </line>
            <line number="63" hits="1" branch="False" />
            <line number="66" hits="7" branch="False" />
            <line number="77" hits="4" branch="True" condition-coverage="100% (2/2)">
              <conditions>
                <condition number="1" type="jump" coverage="100%" />
              </conditions>
            </line>
            <line number="79" hits="1" branch="False" />
            <line number="82" hits="3" branch="True" condition-coverage="100% (2/2)">
              <conditions>
                <condition number="15" type="jump" coverage="100%" />
              </conditions>
            </line>
            <line number="84" hits="1" branch="False" />
            <line number="87" hits="2" branch="False" />
          </lines>
        </class>
        <class name="LampControlApi.Domain.Entities.LampEntity" filename="Domain/Entities/LampEntity.cs" line-rate="1" branch-rate="1" complexity="7">
          <methods>
            <method name="Create" signature="(System.Boolean)" line-rate="1" branch-rate="1" complexity="1">
              <lines>
                <line number="54" hits="46" branch="False" />
              </lines>
            </method>
            <method name="WithUpdatedStatus" signature="(System.Boolean)" line-rate="1" branch-rate="1" complexity="1">
              <lines>
                <line number="65" hits="4" branch="False" />
              </lines>
            </method>
            <method name="Equals" signature="(System.Object)" line-rate="1" branch-rate="1" complexity="2">
              <lines>
                <line number="75" hits="5" branch="True" condition-coverage="100% (2/2)">
                  <conditions>
                    <condition number="8" type="jump" coverage="100%" />
                  </conditions>
                </line>
              </lines>
            </method>
            <method name="GetHashCode" signature="()" line-rate="1" branch-rate="1" complexity="1">
              <lines>
                <line number="84" hits="2" branch="False" />
              </lines>
            </method>
            <method name="ToString" signature="()" line-rate="1" branch-rate="1" complexity="1">
              <lines>
                <line number="93" hits="2" branch="False" />
              </lines>
            </method>
            <method name=".ctor" signature="(System.Guid,System.Boolean,System.DateTimeOffset,System.DateTimeOffset)" line-rate="1" branch-rate="1" complexity="1">
              <lines>
                <line number="18" hits="141" branch="False" />
                <line number="20" hits="141" branch="False" />
                <line number="21" hits="141" branch="False" />
                <line number="22" hits="141" branch="False" />
                <line number="23" hits="141" branch="False" />
                <line number="24" hits="141" branch="False" />
              </lines>
            </method>
          </methods>
          <lines>
            <line number="54" hits="46" branch="False" />
            <line number="65" hits="4" branch="False" />
            <line number="75" hits="5" branch="True" condition-coverage="100% (2/2)">
              <conditions>
                <condition number="8" type="jump" coverage="100%" />
              </conditions>
            </line>
            <line number="84" hits="2" branch="False" />
            <line number="93" hits="2" branch="False" />
            <line number="18" hits="141" branch="False" />
            <line number="20" hits="141" branch="False" />
            <line number="21" hits="141" branch="False" />
            <line number="22" hits="141" branch="False" />
            <line number="23" hits="141" branch="False" />
            <line number="24" hits="141" branch="False" />
          </lines>
        </class>
      </classes>
    </package>
  </packages>
</coverage>