mode: atomic
github.com/davideme/lamp-control-api-reference/api/entities/lamp_entity.go:20.45,29.2 2 0
github.com/davideme/lamp-control-api-reference/api/entities/lamp_entity.go:32.48,35.2 2 0
github.com/davideme/lamp-control-api-reference/api/config.go:27.49,43.25 8 13
github.com/davideme/lamp-control-api-reference/api/config.go:43.25,45.3 1 5
github.com/davideme/lamp-control-api-reference/api/config.go:48.2,59.16 2 8
github.com/davideme/lamp-control-api-reference/api/config.go:59.16,61.3 1 2
github.com/davideme/lamp-control-api-reference/api/config.go:62.2,62.19 1 8
github.com/davideme/lamp-control-api-reference/api/config.go:62.19,64.17 2 5
github.com/davideme/lamp-control-api-reference/api/config.go:64.17,66.4 1 4
github.com/davideme/lamp-control-api-reference/api/config.go:66.9,68.4 1 1
github.com/davideme/lamp-control-api-reference/api/config.go:70.2,70.20 1 8
github.com/davideme/lamp-control-api-reference/api/config.go:70.20,72.3 1 6
github.com/davideme/lamp-control-api-reference/api/config.go:73.2,73.16 1 8
github.com/davideme/lamp-control-api-reference/api/config.go:73.16,75.3 1 6
github.com/davideme/lamp-control-api-reference/api/config.go:76.2,76.20 1 8
github.com/davideme/lamp-control-api-reference/api/config.go:76.20,78.3 1 1
github.com/davideme/lamp-control-api-reference/api/config.go:81.2,81.67 1 8
github.com/davideme/lamp-control-api-reference/api/config.go:81.67,83.17 2 4
github.com/davideme/lamp-control-api-reference/api/config.go:83.17,85.4 1 1
github.com/davideme/lamp-control-api-reference/api/config.go:85.9,87.4 1 3
github.com/davideme/lamp-control-api-reference/api/config.go:89.2,89.67 1 8
github.com/davideme/lamp-control-api-reference/api/config.go:89.67,91.17 2 4
github.com/davideme/lamp-control-api-reference/api/config.go:91.17,93.4 1 1
github.com/davideme/lamp-control-api-reference/api/config.go:93.9,95.4 1 3
github.com/davideme/lamp-control-api-reference/api/config.go:98.2,98.15 1 8
github.com/davideme/lamp-control-api-reference/api/config.go:102.52,104.65 1 8
github.com/davideme/lamp-control-api-reference/api/config.go:104.65,106.3 1 4
github.com/davideme/lamp-control-api-reference/api/config.go:109.2,112.3 1 4
github.com/davideme/lamp-control-api-reference/api/config.go:116.95,119.16 2 3
github.com/davideme/lamp-control-api-reference/api/config.go:119.16,121.3 1 1
github.com/davideme/lamp-control-api-reference/api/config.go:124.2,124.56 1 2
github.com/davideme/lamp-control-api-reference/api/config.go:124.56,126.3 1 2
github.com/davideme/lamp-control-api-reference/api/config.go:128.2,128.56 1 2
github.com/davideme/lamp-control-api-reference/api/config.go:128.56,130.3 1 2
github.com/davideme/lamp-control-api-reference/api/config.go:132.2,138.16 5 2
github.com/davideme/lamp-control-api-reference/api/config.go:138.16,140.3 1 0
github.com/davideme/lamp-control-api-reference/api/config.go:143.2,143.39 1 2
github.com/davideme/lamp-control-api-reference/api/config.go:143.39,147.3 2 1
github.com/davideme/lamp-control-api-reference/api/config.go:149.2,149.18 1 1
github.com/davideme/lamp-control-api-reference/api/lamp.go:17.28,22.2 1 9
github.com/davideme/lamp-control-api-reference/api/lamp.go:25.61,30.2 1 17
github.com/davideme/lamp-control-api-reference/api/lamp.go:34.115,36.16 2 1008
github.com/davideme/lamp-control-api-reference/api/lamp.go:36.16,38.3 1 1
github.com/davideme/lamp-control-api-reference/api/lamp.go:41.2,42.38 2 1007
github.com/davideme/lamp-control-api-reference/api/lamp.go:42.38,44.3 1 503501
github.com/davideme/lamp-control-api-reference/api/lamp.go:48.2,52.8 1 1007
github.com/davideme/lamp-control-api-reference/api/lamp.go:57.118,58.25 1 1010
github.com/davideme/lamp-control-api-reference/api/lamp.go:58.25,60.3 1 2
github.com/davideme/lamp-control-api-reference/api/lamp.go:63.2,66.16 3 1008
github.com/davideme/lamp-control-api-reference/api/lamp.go:66.16,68.3 1 1
github.com/davideme/lamp-control-api-reference/api/lamp.go:71.2,73.45 2 1007
github.com/davideme/lamp-control-api-reference/api/lamp.go:78.118,80.16 2 5
github.com/davideme/lamp-control-api-reference/api/lamp.go:80.16,81.38 1 3
github.com/davideme/lamp-control-api-reference/api/lamp.go:81.38,83.4 1 2
github.com/davideme/lamp-control-api-reference/api/lamp.go:85.3,85.102 1 1
github.com/davideme/lamp-control-api-reference/api/lamp.go:88.2,88.37 1 2
github.com/davideme/lamp-control-api-reference/api/lamp.go:93.109,95.16 2 1006
github.com/davideme/lamp-control-api-reference/api/lamp.go:95.16,96.38 1 3
github.com/davideme/lamp-control-api-reference/api/lamp.go:96.38,98.4 1 2
github.com/davideme/lamp-control-api-reference/api/lamp.go:100.3,100.104 1 1
github.com/davideme/lamp-control-api-reference/api/lamp.go:104.2,106.42 2 1003
github.com/davideme/lamp-control-api-reference/api/lamp.go:111.118,112.25 1 1007
github.com/davideme/lamp-control-api-reference/api/lamp.go:112.25,114.3 1 2
github.com/davideme/lamp-control-api-reference/api/lamp.go:117.2,118.16 2 1005
github.com/davideme/lamp-control-api-reference/api/lamp.go:118.16,119.38 1 3
github.com/davideme/lamp-control-api-reference/api/lamp.go:119.38,121.4 1 2
github.com/davideme/lamp-control-api-reference/api/lamp.go:123.3,123.104 1 1
github.com/davideme/lamp-control-api-reference/api/lamp.go:127.2,130.16 3 1002
github.com/davideme/lamp-control-api-reference/api/lamp.go:130.16,132.3 1 0
github.com/davideme/lamp-control-api-reference/api/lamp.go:135.2,137.52 2 1002
github.com/davideme/lamp-control-api-reference/api/lamp.go:146.35,148.2 1 1
github.com/davideme/lamp-control-api-reference/api/lamp_mapper.go:15.34,17.2 1 26
github.com/davideme/lamp-control-api-reference/api/lamp_mapper.go:20.67,27.2 1 506513
github.com/davideme/lamp-control-api-reference/api/lamp_mapper.go:30.67,37.2 1 0
github.com/davideme/lamp-control-api-reference/api/lamp_mapper.go:40.93,42.2 1 1008
github.com/davideme/lamp-control-api-reference/api/lamp_mapper.go:45.122,55.2 2 1002
github.com/davideme/lamp-control-api-reference/api/migrate.go:18.51,23.16 3 0
github.com/davideme/lamp-control-api-reference/api/migrate.go:23.16,25.3 1 0
github.com/davideme/lamp-control-api-reference/api/migrate.go:28.2,29.16 2 0
github.com/davideme/lamp-control-api-reference/api/migrate.go:29.16,31.3 1 0
github.com/davideme/lamp-control-api-reference/api/migrate.go:32.2,32.15 1 0
github.com/davideme/lamp-control-api-reference/api/migrate.go:32.15,33.64 1 0
github.com/davideme/lamp-control-api-reference/api/migrate.go:33.64,35.4 1 0
github.com/davideme/lamp-control-api-reference/api/migrate.go:39.2,39.37 1 0
github.com/davideme/lamp-control-api-reference/api/migrate.go:39.37,40.36 1 0
github.com/davideme/lamp-control-api-reference/api/migrate.go:40.36,44.4 2 0
github.com/davideme/lamp-control-api-reference/api/migrate.go:46.3,46.60 1 0
github.com/davideme/lamp-control-api-reference/api/migrate.go:50.2,51.9 2 0
github.com/davideme/lamp-control-api-reference/api/migrate.go:52.50,53.72 1 0
github.com/davideme/lamp-control-api-reference/api/migrate.go:54.13,55.75 1 0
github.com/davideme/lamp-control-api-reference/api/migrate.go:56.10,57.85 1 0
github.com/davideme/lamp-control-api-reference/api/migrate.go:60.2,60.12 1 0
github.com/davideme/lamp-control-api-reference/api/postgres_repository.go:24.76,29.2 1 2
github.com/davideme/lamp-control-api-reference/api/postgres_repository.go:32.101,54.16 7 8
github.com/davideme/lamp-control-api-reference/api/postgres_repository.go:54.16,56.3 1 0
github.com/davideme/lamp-control-api-reference/api/postgres_repository.go:58.2,58.12 1 8
github.com/davideme/lamp-control-api-reference/api/postgres_repository.go:62.104,65.16 2 7
github.com/davideme/lamp-control-api-reference/api/postgres_repository.go:65.16,67.3 1 0
github.com/davideme/lamp-control-api-reference/api/postgres_repository.go:70.2,75.16 5 7
github.com/davideme/lamp-control-api-reference/api/postgres_repository.go:75.16,76.36 1 3
github.com/davideme/lamp-control-api-reference/api/postgres_repository.go:76.36,78.4 1 3
github.com/davideme/lamp-control-api-reference/api/postgres_repository.go:80.3,80.56 1 0
github.com/davideme/lamp-control-api-reference/api/postgres_repository.go:83.2,83.33 1 4
github.com/davideme/lamp-control-api-reference/api/postgres_repository.go:87.101,99.16 5 2
github.com/davideme/lamp-control-api-reference/api/postgres_repository.go:99.16,100.36 1 1
github.com/davideme/lamp-control-api-reference/api/postgres_repository.go:100.36,102.4 1 1
github.com/davideme/lamp-control-api-reference/api/postgres_repository.go:104.3,104.54 1 0
github.com/davideme/lamp-control-api-reference/api/postgres_repository.go:107.2,107.12 1 1
github.com/davideme/lamp-control-api-reference/api/postgres_repository.go:111.79,114.16 2 9
github.com/davideme/lamp-control-api-reference/api/postgres_repository.go:114.16,116.3 1 0
github.com/davideme/lamp-control-api-reference/api/postgres_repository.go:119.2,134.16 6 9
github.com/davideme/lamp-control-api-reference/api/postgres_repository.go:134.16,136.3 1 0
github.com/davideme/lamp-control-api-reference/api/postgres_repository.go:138.2,138.23 1 9
github.com/davideme/lamp-control-api-reference/api/postgres_repository.go:138.23,140.3 1 1
github.com/davideme/lamp-control-api-reference/api/postgres_repository.go:142.2,142.12 1 8
github.com/davideme/lamp-control-api-reference/api/postgres_repository.go:146.92,156.16 3 2
github.com/davideme/lamp-control-api-reference/api/postgres_repository.go:156.16,158.3 1 0
github.com/davideme/lamp-control-api-reference/api/postgres_repository.go:160.2,161.23 2 2
github.com/davideme/lamp-control-api-reference/api/postgres_repository.go:161.23,163.17 2 3
github.com/davideme/lamp-control-api-reference/api/postgres_repository.go:163.17,165.4 1 0
github.com/davideme/lamp-control-api-reference/api/postgres_repository.go:166.3,166.46 1 3
github.com/davideme/lamp-control-api-reference/api/postgres_repository.go:169.2,169.26 1 2
github.com/davideme/lamp-control-api-reference/api/postgres_repository.go:173.78,177.2 2 2
github.com/davideme/lamp-control-api-reference/api/postgres_repository.go:180.100,182.20 1 11
github.com/davideme/lamp-control-api-reference/api/postgres_repository.go:182.20,184.3 1 1
github.com/davideme/lamp-control-api-reference/api/postgres_repository.go:185.2,189.52 3 10
github.com/davideme/lamp-control-api-reference/api/postgres_repository.go:189.52,191.3 1 2
github.com/davideme/lamp-control-api-reference/api/postgres_repository.go:192.2,200.8 3 8
github.com/davideme/lamp-control-api-reference/api/repository.go:43.58,48.2 1 20
github.com/davideme/lamp-control-api-reference/api/repository.go:51.101,58.2 4 2027
github.com/davideme/lamp-control-api-reference/api/repository.go:61.104,66.13 4 3021
github.com/davideme/lamp-control-api-reference/api/repository.go:66.13,68.3 1 4
github.com/davideme/lamp-control-api-reference/api/repository.go:71.2,76.8 1 3017
github.com/davideme/lamp-control-api-reference/api/repository.go:80.101,85.39 4 1013
github.com/davideme/lamp-control-api-reference/api/repository.go:85.39,87.3 1 1
github.com/davideme/lamp-control-api-reference/api/repository.go:89.2,91.12 2 1012
github.com/davideme/lamp-control-api-reference/api/repository.go:95.79,99.39 3 5
github.com/davideme/lamp-control-api-reference/api/repository.go:99.39,101.3 1 2
github.com/davideme/lamp-control-api-reference/api/repository.go:103.2,105.12 2 3
github.com/davideme/lamp-control-api-reference/api/repository.go:109.92,114.37 4 1510
github.com/davideme/lamp-control-api-reference/api/repository.go:114.37,122.3 1 509505
github.com/davideme/lamp-control-api-reference/api/repository.go:124.2,124.26 1 1510
github.com/davideme/lamp-control-api-reference/api/repository.go:128.78,135.2 4 505
