mode: atomic
github.com/davideme/lamp-control-api-reference/api/lamp.go:18.28,22.2 1 9
github.com/davideme/lamp-control-api-reference/api/lamp.go:25.61,29.2 1 17
github.com/davideme/lamp-control-api-reference/api/lamp.go:33.115,35.16 2 1008
github.com/davideme/lamp-control-api-reference/api/lamp.go:35.16,37.3 1 1
github.com/davideme/lamp-control-api-reference/api/lamp.go:39.2,39.45 1 1007
github.com/davideme/lamp-control-api-reference/api/lamp.go:44.118,45.25 1 1010
github.com/davideme/lamp-control-api-reference/api/lamp.go:45.25,47.3 1 2
github.com/davideme/lamp-control-api-reference/api/lamp.go:50.2,58.16 4 1008
github.com/davideme/lamp-control-api-reference/api/lamp.go:58.16,60.3 1 1
github.com/davideme/lamp-control-api-reference/api/lamp.go:62.2,62.45 1 1007
github.com/davideme/lamp-control-api-reference/api/lamp.go:67.118,69.16 2 5
github.com/davideme/lamp-control-api-reference/api/lamp.go:69.16,70.38 1 3
github.com/davideme/lamp-control-api-reference/api/lamp.go:70.38,72.4 1 2
github.com/davideme/lamp-control-api-reference/api/lamp.go:74.3,74.102 1 1
github.com/davideme/lamp-control-api-reference/api/lamp.go:77.2,77.37 1 2
github.com/davideme/lamp-control-api-reference/api/lamp.go:82.109,84.16 2 1006
github.com/davideme/lamp-control-api-reference/api/lamp.go:84.16,85.38 1 3
github.com/davideme/lamp-control-api-reference/api/lamp.go:85.38,87.4 1 2
github.com/davideme/lamp-control-api-reference/api/lamp.go:89.3,89.104 1 1
github.com/davideme/lamp-control-api-reference/api/lamp.go:92.2,92.42 1 1003
github.com/davideme/lamp-control-api-reference/api/lamp.go:97.118,98.25 1 1007
github.com/davideme/lamp-control-api-reference/api/lamp.go:98.25,100.3 1 2
github.com/davideme/lamp-control-api-reference/api/lamp.go:103.2,104.16 2 1005
github.com/davideme/lamp-control-api-reference/api/lamp.go:104.16,105.38 1 3
github.com/davideme/lamp-control-api-reference/api/lamp.go:105.38,107.4 1 2
github.com/davideme/lamp-control-api-reference/api/lamp.go:109.3,109.104 1 1
github.com/davideme/lamp-control-api-reference/api/lamp.go:113.2,119.16 3 1002
github.com/davideme/lamp-control-api-reference/api/lamp.go:119.16,121.3 1 0
github.com/davideme/lamp-control-api-reference/api/lamp.go:123.2,123.52 1 1002
github.com/davideme/lamp-control-api-reference/api/lamp.go:132.35,134.2 1 1
github.com/davideme/lamp-control-api-reference/api/repository.go:41.58,46.2 1 20
github.com/davideme/lamp-control-api-reference/api/repository.go:49.79,56.2 4 2027
github.com/davideme/lamp-control-api-reference/api/repository.go:59.88,64.13 4 3021
github.com/davideme/lamp-control-api-reference/api/repository.go:64.13,66.3 1 4
github.com/davideme/lamp-control-api-reference/api/repository.go:68.2,68.18 1 3017
github.com/davideme/lamp-control-api-reference/api/repository.go:72.79,77.39 4 1013
github.com/davideme/lamp-control-api-reference/api/repository.go:77.39,79.3 1 1
github.com/davideme/lamp-control-api-reference/api/repository.go:81.2,83.12 2 1012
github.com/davideme/lamp-control-api-reference/api/repository.go:87.79,91.39 3 5
github.com/davideme/lamp-control-api-reference/api/repository.go:91.39,93.3 1 2
github.com/davideme/lamp-control-api-reference/api/repository.go:95.2,97.12 2 3
github.com/davideme/lamp-control-api-reference/api/repository.go:101.76,106.31 4 1510
github.com/davideme/lamp-control-api-reference/api/repository.go:106.31,108.3 1 509658
github.com/davideme/lamp-control-api-reference/api/repository.go:110.2,110.19 1 1510
github.com/davideme/lamp-control-api-reference/api/repository.go:114.78,121.2 4 505
