{"/home/runner/work/lamp-control-api-reference/lamp-control-api-reference/src/typescript/src/index.ts": {"path":"/home/runner/work/lamp-control-api-reference/lamp-control-api-reference/src/typescript/src/index.ts","statementMap":{"0":{"start":{"line":3,"column":0},"end":{"line":11,"column":3}},"1":{"start":{"line":4,"column":2},"end":{"line":10,"column":5}},"2":{"start":{"line":5,"column":4},"end":{"line":8,"column":5}},"3":{"start":{"line":6,"column":6},"end":{"line":6,"column":25}},"4":{"start":{"line":7,"column":6},"end":{"line":7,"column":22}},"5":{"start":{"line":9,"column":4},"end":{"line":9,"column":50}}},"fnMap":{"0":{"name":"(anonymous_0)","decl":{"start":{"line":3,"column":16},"end":{"line":3,"column":17}},"loc":{"start":{"line":3,"column":27},"end":{"line":11,"column":1}}},"1":{"name":"(anonymous_1)","decl":{"start":{"line":4,"column":32},"end":{"line":4,"column":33}},"loc":{"start":{"line":4,"column":49},"end":{"line":10,"column":3}}}},"branchMap":{"0":{"loc":{"start":{"line":5,"column":4},"end":{"line":8,"column":5}},"type":"if","locations":[{"start":{"line":5,"column":4},"end":{"line":8,"column":5}}]}},"s":{"0":0,"1":0,"2":0,"3":0,"4":0,"5":0},"f":{"0":0,"1":0},"b":{"0":[0]}}
,"/home/runner/work/lamp-control-api-reference/lamp-control-api-reference/src/typescript/src/domain/errors/DomainError.ts": {"path":"/home/runner/work/lamp-control-api-reference/lamp-control-api-reference/src/typescript/src/domain/errors/DomainError.ts","statementMap":{"0":{"start":{"line":3,"column":4},"end":{"line":3,"column":19}},"1":{"start":{"line":4,"column":4},"end":{"line":4,"column":38}},"2":{"start":{"line":5,"column":4},"end":{"line":5,"column":52}},"3":{"start":{"line":11,"column":4},"end":{"line":11,"column":42}}},"fnMap":{"0":{"name":"(anonymous_0)","decl":{"start":{"line":2,"column":2},"end":{"line":2,"column":14}},"loc":{"start":{"line":2,"column":29},"end":{"line":6,"column":3}}},"1":{"name":"(anonymous_1)","decl":{"start":{"line":10,"column":2},"end":{"line":10,"column":14}},"loc":{"start":{"line":10,"column":24},"end":{"line":12,"column":3}}}},"branchMap":{},"s":{"0":6,"1":6,"2":6,"3":6},"f":{"0":6,"1":6},"b":{}}
,"/home/runner/work/lamp-control-api-reference/lamp-control-api-reference/src/typescript/src/infrastructure/app.ts": {"path":"/home/runner/work/lamp-control-api-reference/lamp-control-api-reference/src/typescript/src/infrastructure/app.ts","statementMap":{"0":{"start":{"line":9,"column":19},"end":{"line":9,"column":49}},"1":{"start":{"line":10,"column":19},"end":{"line":10,"column":38}},"2":{"start":{"line":12,"column":16},"end":{"line":17,"column":2}},"3":{"start":{"line":20,"column":17},"end":{"line":22,"column":4}},"4":{"start":{"line":24,"column":2},"end":{"line":24,"column":47}},"5":{"start":{"line":26,"column":2},"end":{"line":26,"column":16}}},"fnMap":{"0":{"name":"buildApp","decl":{"start":{"line":19,"column":22},"end":{"line":19,"column":30}},"loc":{"start":{"line":19,"column":30},"end":{"line":27,"column":1}}}},"branchMap":{},"s":{"0":1,"1":1,"2":1,"3":1,"4":1,"5":1},"f":{"0":1},"b":{}}
,"/home/runner/work/lamp-control-api-reference/lamp-control-api-reference/src/typescript/src/infrastructure/security.ts": {"path":"/home/runner/work/lamp-control-api-reference/lamp-control-api-reference/src/typescript/src/infrastructure/security.ts","statementMap":{"0":{"start":{"line":6,"column":4},"end":{"line":6,"column":16}}},"fnMap":{"0":{"name":"(anonymous_0)","decl":{"start":{"line":4,"column":2},"end":{"line":4,"column":7}},"loc":{"start":{"line":4,"column":79},"end":{"line":7,"column":3}}}},"branchMap":{},"s":{"0":0},"f":{"0":0},"b":{}}
,"/home/runner/work/lamp-control-api-reference/lamp-control-api-reference/src/typescript/src/infrastructure/repositories/InMemoryLampRepository.ts": {"path":"/home/runner/work/lamp-control-api-reference/lamp-control-api-reference/src/typescript/src/infrastructure/repositories/InMemoryLampRepository.ts","statementMap":{"0":{"start":{"line":6,"column":37},"end":{"line":6,"column":46}},"1":{"start":{"line":9,"column":18},"end":{"line":9,"column":49}},"2":{"start":{"line":10,"column":4},"end":{"line":10,"column":49}},"3":{"start":{"line":14,"column":4},"end":{"line":14,"column":30}},"4":{"start":{"line":18,"column":26},"end":{"line":21,"column":6}},"5":{"start":{"line":22,"column":4},"end":{"line":22,"column":40}},"6":{"start":{"line":23,"column":4},"end":{"line":23,"column":19}},"7":{"start":{"line":27,"column":25},"end":{"line":27,"column":43}},"8":{"start":{"line":28,"column":4},"end":{"line":30,"column":5}},"9":{"start":{"line":29,"column":6},"end":{"line":29,"column":38}},"10":{"start":{"line":31,"column":24},"end":{"line":31,"column":52}},"11":{"start":{"line":32,"column":4},"end":{"line":32,"column":36}},"12":{"start":{"line":33,"column":4},"end":{"line":33,"column":23}},"13":{"start":{"line":37,"column":4},"end":{"line":39,"column":5}},"14":{"start":{"line":38,"column":6},"end":{"line":38,"column":38}},"15":{"start":{"line":40,"column":4},"end":{"line":40,"column":26}}},"fnMap":{"0":{"name":"(anonymous_0)","decl":{"start":{"line":8,"column":2},"end":{"line":8,"column":7}},"loc":{"start":{"line":8,"column":30},"end":{"line":11,"column":3}}},"1":{"name":"(anonymous_1)","decl":{"start":{"line":13,"column":2},"end":{"line":13,"column":7}},"loc":{"start":{"line":13,"column":27},"end":{"line":15,"column":3}}},"2":{"name":"(anonymous_2)","decl":{"start":{"line":17,"column":2},"end":{"line":17,"column":7}},"loc":{"start":{"line":17,"column":31},"end":{"line":24,"column":3}}},"3":{"name":"(anonymous_3)","decl":{"start":{"line":26,"column":2},"end":{"line":26,"column":7}},"loc":{"start":{"line":26,"column":43},"end":{"line":34,"column":3}}},"4":{"name":"(anonymous_4)","decl":{"start":{"line":36,"column":2},"end":{"line":36,"column":7}},"loc":{"start":{"line":36,"column":25},"end":{"line":41,"column":3}}}},"branchMap":{"0":{"loc":{"start":{"line":10,"column":11},"end":{"line":10,"column":48}},"type":"cond-expr","locations":[{"start":{"line":10,"column":19},"end":{"line":10,"column":40}},{"start":{"line":10,"column":43},"end":{"line":10,"column":48}}]},"1":{"loc":{"start":{"line":28,"column":4},"end":{"line":30,"column":5}},"type":"if","locations":[{"start":{"line":28,"column":4},"end":{"line":30,"column":5}}]},"2":{"loc":{"start":{"line":37,"column":4},"end":{"line":39,"column":5}},"type":"if","locations":[{"start":{"line":37,"column":4},"end":{"line":39,"column":5}}]}},"s":{"0":14,"1":7,"2":7,"3":10,"4":18,"5":18,"6":18,"7":5,"8":5,"9":2,"10":3,"11":3,"12":3,"13":5,"14":2,"15":3},"f":{"0":7,"1":10,"2":18,"3":5,"4":5},"b":{"0":[1,6],"1":[2],"2":[2]}}
,"/home/runner/work/lamp-control-api-reference/lamp-control-api-reference/src/typescript/src/infrastructure/services/service.ts": {"path":"/home/runner/work/lamp-control-api-reference/lamp-control-api-reference/src/typescript/src/infrastructure/services/service.ts","statementMap":{"0":{"start":{"line":51,"column":31},"end":{"line":51,"column":57}},"1":{"start":{"line":54,"column":22},"end":{"line":54,"column":35}},"2":{"start":{"line":55,"column":24},"end":{"line":55,"column":59}},"3":{"start":{"line":56,"column":4},"end":{"line":56,"column":54}},"4":{"start":{"line":60,"column":23},"end":{"line":60,"column":37}},"5":{"start":{"line":61,"column":17},"end":{"line":61,"column":55}},"6":{"start":{"line":63,"column":4},"end":{"line":65,"column":5}},"7":{"start":{"line":64,"column":6},"end":{"line":64,"column":36}},"8":{"start":{"line":67,"column":4},"end":{"line":67,"column":16}},"9":{"start":{"line":71,"column":17},"end":{"line":71,"column":29}},"10":{"start":{"line":72,"column":20},"end":{"line":72,"column":73}},"11":{"start":{"line":73,"column":4},"end":{"line":73,"column":34}},"12":{"start":{"line":74,"column":4},"end":{"line":74,"column":19}},"13":{"start":{"line":78,"column":23},"end":{"line":78,"column":37}},"14":{"start":{"line":79,"column":17},"end":{"line":79,"column":29}},"15":{"start":{"line":80,"column":4},"end":{"line":87,"column":5}},"16":{"start":{"line":81,"column":6},"end":{"line":81,"column":75}},"17":{"start":{"line":83,"column":6},"end":{"line":85,"column":7}},"18":{"start":{"line":84,"column":8},"end":{"line":84,"column":38}},"19":{"start":{"line":86,"column":6},"end":{"line":86,"column":18}},"20":{"start":{"line":91,"column":23},"end":{"line":91,"column":37}},"21":{"start":{"line":92,"column":4},"end":{"line":100,"column":5}},"22":{"start":{"line":93,"column":6},"end":{"line":93,"column":43}},"23":{"start":{"line":94,"column":6},"end":{"line":94,"column":36}},"24":{"start":{"line":96,"column":6},"end":{"line":98,"column":7}},"25":{"start":{"line":97,"column":8},"end":{"line":97,"column":38}},"26":{"start":{"line":99,"column":6},"end":{"line":99,"column":18}}},"fnMap":{"0":{"name":"(anonymous_0)","decl":{"start":{"line":51,"column":2},"end":{"line":51,"column":31}},"loc":{"start":{"line":51,"column":57},"end":{"line":51,"column":61}}},"1":{"name":"(anonymous_1)","decl":{"start":{"line":53,"column":2},"end":{"line":53,"column":7}},"loc":{"start":{"line":53,"column":67},"end":{"line":57,"column":3}}},"2":{"name":"(anonymous_2)","decl":{"start":{"line":59,"column":2},"end":{"line":59,"column":7}},"loc":{"start":{"line":59,"column":60},"end":{"line":68,"column":3}}},"3":{"name":"(anonymous_3)","decl":{"start":{"line":70,"column":2},"end":{"line":70,"column":7}},"loc":{"start":{"line":70,"column":69},"end":{"line":75,"column":3}}},"4":{"name":"(anonymous_4)","decl":{"start":{"line":77,"column":2},"end":{"line":77,"column":7}},"loc":{"start":{"line":77,"column":69},"end":{"line":88,"column":3}}},"5":{"name":"(anonymous_5)","decl":{"start":{"line":90,"column":2},"end":{"line":90,"column":7}},"loc":{"start":{"line":90,"column":69},"end":{"line":101,"column":3}}}},"branchMap":{"0":{"loc":{"start":{"line":55,"column":24},"end":{"line":55,"column":59}},"type":"cond-expr","locations":[{"start":{"line":55,"column":32},"end":{"line":55,"column":47}},{"start":{"line":55,"column":50},"end":{"line":55,"column":59}}]},"1":{"loc":{"start":{"line":63,"column":4},"end":{"line":65,"column":5}},"type":"if","locations":[{"start":{"line":63,"column":4},"end":{"line":65,"column":5}}]},"2":{"loc":{"start":{"line":83,"column":6},"end":{"line":85,"column":7}},"type":"if","locations":[{"start":{"line":83,"column":6},"end":{"line":85,"column":7}}]},"3":{"loc":{"start":{"line":96,"column":6},"end":{"line":98,"column":7}},"type":"if","locations":[{"start":{"line":96,"column":6},"end":{"line":98,"column":7}}]}},"s":{"0":11,"1":4,"2":4,"3":4,"4":5,"5":5,"6":5,"7":3,"8":2,"9":6,"10":6,"11":6,"12":6,"13":4,"14":4,"15":4,"16":4,"17":2,"18":2,"19":0,"20":4,"21":4,"22":4,"23":2,"24":2,"25":2,"26":0},"f":{"0":11,"1":4,"2":5,"3":6,"4":4,"5":4},"b":{"0":[1,3],"1":[3],"2":[2],"3":[2]}}
}
