{"total": {"lines":{"total":160,"covered":155,"skipped":0,"pct":96.87},"statements":{"total":161,"covered":156,"skipped":0,"pct":96.89},"functions":{"total":39,"covered":38,"skipped":0,"pct":97.43},"branches":{"total":49,"covered":46,"skipped":0,"pct":93.87},"branchesTrue":{"total":0,"covered":0,"skipped":0,"pct":100}}
,"/Users/davide/.claude-worktrees/lamp-control-api-reference/stupefied-jones/src/typescript/src/cli.ts": {"lines":{"total":43,"covered":41,"skipped":0,"pct":95.34},"functions":{"total":6,"covered":5,"skipped":0,"pct":83.33},"statements":{"total":44,"covered":42,"skipped":0,"pct":95.45},"branches":{"total":15,"covered":15,"skipped":0,"pct":100}}
,"/Users/davide/.claude-worktrees/lamp-control-api-reference/stupefied-jones/src/typescript/src/index.ts": {"lines":{"total":8,"covered":8,"skipped":0,"pct":100},"functions":{"total":2,"covered":2,"skipped":0,"pct":100},"statements":{"total":8,"covered":8,"skipped":0,"pct":100},"branches":{"total":5,"covered":5,"skipped":0,"pct":100}}
,"/Users/davide/.claude-worktrees/lamp-control-api-reference/stupefied-jones/src/typescript/src/domain/errors/DomainError.ts": {"lines":{"total":4,"covered":4,"skipped":0,"pct":100},"functions":{"total":2,"covered":2,"skipped":0,"pct":100},"statements":{"total":4,"covered":4,"skipped":0,"pct":100},"branches":{"total":0,"covered":0,"skipped":0,"pct":100}}
,"/Users/davide/.claude-worktrees/lamp-control-api-reference/stupefied-jones/src/typescript/src/infrastructure/app.ts": {"lines":{"total":19,"covered":16,"skipped":0,"pct":84.21},"functions":{"total":3,"covered":3,"skipped":0,"pct":100},"statements":{"total":19,"covered":16,"skipped":0,"pct":84.21},"branches":{"total":7,"covered":4,"skipped":0,"pct":57.14}}
,"/Users/davide/.claude-worktrees/lamp-control-api-reference/stupefied-jones/src/typescript/src/infrastructure/security.ts": {"lines":{"total":1,"covered":1,"skipped":0,"pct":100},"functions":{"total":1,"covered":1,"skipped":0,"pct":100},"statements":{"total":1,"covered":1,"skipped":0,"pct":100},"branches":{"total":0,"covered":0,"skipped":0,"pct":100}}
,"/Users/davide/.claude-worktrees/lamp-control-api-reference/stupefied-jones/src/typescript/src/infrastructure/database/client.ts": {"lines":{"total":11,"covered":11,"skipped":0,"pct":100},"functions":{"total":3,"covered":3,"skipped":0,"pct":100},"statements":{"total":11,"covered":11,"skipped":0,"pct":100},"branches":{"total":5,"covered":5,"skipped":0,"pct":100}}
,"/Users/davide/.claude-worktrees/lamp-control-api-reference/stupefied-jones/src/typescript/src/infrastructure/mappers/LampMapper.ts": {"lines":{"total":4,"covered":4,"skipped":0,"pct":100},"functions":{"total":4,"covered":4,"skipped":0,"pct":100},"statements":{"total":4,"covered":4,"skipped":0,"pct":100},"branches":{"total":0,"covered":0,"skipped":0,"pct":100}}
,"/Users/davide/.claude-worktrees/lamp-control-api-reference/stupefied-jones/src/typescript/src/infrastructure/repositories/InMemoryLampRepository.ts": {"lines":{"total":17,"covered":17,"skipped":0,"pct":100},"functions":{"total":5,"covered":5,"skipped":0,"pct":100},"statements":{"total":17,"covered":17,"skipped":0,"pct":100},"branches":{"total":4,"covered":4,"skipped":0,"pct":100}}
,"/Users/davide/.claude-worktrees/lamp-control-api-reference/stupefied-jones/src/typescript/src/infrastructure/repositories/PrismaLampRepository.ts": {"lines":{"total":19,"covered":19,"skipped":0,"pct":100},"functions":{"total":7,"covered":7,"skipped":0,"pct":100},"statements":{"total":19,"covered":19,"skipped":0,"pct":100},"branches":{"total":9,"covered":9,"skipped":0,"pct":100}}
,"/Users/davide/.claude-worktrees/lamp-control-api-reference/stupefied-jones/src/typescript/src/infrastructure/services/service.ts": {"lines":{"total":34,"covered":34,"skipped":0,"pct":100},"functions":{"total":6,"covered":6,"skipped":0,"pct":100},"statements":{"total":34,"covered":34,"skipped":0,"pct":100},"branches":{"total":4,"covered":4,"skipped":0,"pct":100}}
}
