TN:
SF:src/index.ts
FN:3,(anonymous_0)
FN:4,(anonymous_1)
FNF:2
FNH:0
FNDA:0,(anonymous_0)
FNDA:0,(anonymous_1)
DA:3,0
DA:4,0
DA:5,0
DA:6,0
DA:7,0
DA:9,0
LF:6
LH:0
BRDA:5,0,0,0
BRF:1
BRH:0
end_of_record
TN:
SF:src/domain/errors/DomainError.ts
FN:2,(anonymous_0)
FN:10,(anonymous_1)
FNF:2
FNH:2
FNDA:6,(anonymous_0)
FNDA:6,(anonymous_1)
DA:3,6
DA:4,6
DA:5,6
DA:11,6
LF:4
LH:4
BRF:0
BRH:0
end_of_record
TN:
SF:src/infrastructure/app.ts
FN:19,buildApp
FNF:1
FNH:1
FNDA:1,buildApp
DA:9,1
DA:10,1
DA:12,1
DA:20,1
DA:24,1
DA:26,1
LF:6
LH:6
BRF:0
BRH:0
end_of_record
TN:
SF:src/infrastructure/security.ts
FN:4,(anonymous_0)
FNF:1
FNH:0
FNDA:0,(anonymous_0)
DA:6,0
LF:1
LH:0
BRF:0
BRH:0
end_of_record
TN:
SF:src/infrastructure/repositories/InMemoryLampRepository.ts
FN:8,(anonymous_0)
FN:13,(anonymous_1)
FN:17,(anonymous_2)
FN:26,(anonymous_3)
FN:36,(anonymous_4)
FNF:5
FNH:5
FNDA:7,(anonymous_0)
FNDA:10,(anonymous_1)
FNDA:18,(anonymous_2)
FNDA:5,(anonymous_3)
FNDA:5,(anonymous_4)
DA:6,14
DA:9,7
DA:10,7
DA:14,10
DA:18,18
DA:22,18
DA:23,18
DA:27,5
DA:28,5
DA:29,2
DA:31,3
DA:32,3
DA:33,3
DA:37,5
DA:38,2
DA:40,3
LF:16
LH:16
BRDA:10,0,0,1
BRDA:10,0,1,6
BRDA:28,1,0,2
BRDA:37,2,0,2
BRF:4
BRH:4
end_of_record
TN:
SF:src/infrastructure/services/service.ts
FN:51,(anonymous_0)
FN:53,(anonymous_1)
FN:59,(anonymous_2)
FN:70,(anonymous_3)
FN:77,(anonymous_4)
FN:90,(anonymous_5)
FNF:6
FNH:6
FNDA:11,(anonymous_0)
FNDA:4,(anonymous_1)
FNDA:5,(anonymous_2)
FNDA:6,(anonymous_3)
FNDA:4,(anonymous_4)
FNDA:4,(anonymous_5)
DA:51,11
DA:54,4
DA:55,4
DA:56,4
DA:60,5
DA:61,5
DA:63,5
DA:64,3
DA:67,2
DA:71,6
DA:72,6
DA:73,6
DA:74,6
DA:78,4
DA:79,4
DA:80,4
DA:81,4
DA:83,2
DA:84,2
DA:86,0
DA:91,4
DA:92,4
DA:93,4
DA:94,2
DA:96,2
DA:97,2
DA:99,0
LF:27
LH:25
BRDA:55,0,0,1
BRDA:55,0,1,3
BRDA:63,1,0,3
BRDA:83,2,0,2
BRDA:96,3,0,2
BRF:5
BRH:5
end_of_record
