<?xml version="1.0" encoding="UTF-8" standalone="yes"?><!DOCTYPE report PUBLIC "-//JACOCO//DTD Report 1.1//EN" "report.dtd"><report name="kotlin-server"><sessioninfo id="pkrvmubgrv54qmi-a11f7eb" start="1755420372041" dump="1755420375769"/><package name="com/lampcontrol/plugins"><class name="com/lampcontrol/plugins/HTTPKt" sourcefilename="HTTP.kt"><method name="configureHTTP" desc="(Lio/ktor/server/application/Application;)V" line="8"><counter type="INSTRUCTION" missed="0" covered="11"/><counter type="LINE" missed="0" covered="2"/><counter type="COMPLEXITY" missed="0" covered="1"/><counter type="METHOD" missed="0" covered="1"/></method><method name="configureHTTP$lambda$0" desc="(Lio/ktor/server/plugins/cors/CORSConfig;)Lkotlin/Unit;" line="9"><counter type="INSTRUCTION" missed="0" covered="31"/><counter type="LINE" missed="0" covered="8"/><counter type="COMPLEXITY" missed="0" covered="1"/><counter type="METHOD" missed="0" covered="1"/></method><counter type="INSTRUCTION" missed="0" covered="42"/><counter type="LINE" missed="0" covered="10"/><counter type="COMPLEXITY" missed="0" covered="2"/><counter type="METHOD" missed="0" covered="2"/><counter type="CLASS" missed="0" covered="1"/></class><class name="com/lampcontrol/plugins/HttpHeaders" sourcefilename="Monitoring.kt"/><class name="com/lampcontrol/plugins/SerializationKt" sourcefilename="Serialization.kt"><method name="configureSerialization" desc="(Lio/ktor/server/application/Application;)V" line="12"><counter type="INSTRUCTION" missed="0" covered="11"/><counter type="LINE" missed="0" covered="2"/><counter type="COMPLEXITY" missed="0" covered="1"/><counter type="METHOD" missed="0" covered="1"/></method><method name="configureSerialization$lambda$2$lambda$1" desc="(Lkotlinx/serialization/json/JsonBuilder;)Lkotlin/Unit;" line="14"><counter type="INSTRUCTION" missed="0" covered="26"/><counter type="LINE" missed="0" covered="7"/><counter type="COMPLEXITY" missed="0" covered="1"/><counter type="METHOD" missed="0" covered="1"/></method><method name="configureSerialization$lambda$2" desc="(Lio/ktor/server/plugins/contentnegotiation/ContentNegotiationConfig;)Lkotlin/Unit;" line="13"><counter type="INSTRUCTION" missed="0" covered="16"/><counter type="LINE" missed="0" covered="2"/><counter type="COMPLEXITY" missed="0" covered="1"/><counter type="METHOD" missed="0" covered="1"/></method><counter type="INSTRUCTION" missed="0" covered="53"/><counter type="LINE" missed="0" covered="11"/><counter type="COMPLEXITY" missed="0" covered="3"/><counter type="METHOD" missed="0" covered="3"/><counter type="CLASS" missed="0" covered="1"/></class><class name="com/lampcontrol/plugins/ResourcesKt" sourcefilename="Resources.kt"><method name="configureResources" desc="(Lio/ktor/server/application/Application;)V" line="7"><counter type="INSTRUCTION" missed="0" covered="13"/><counter type="LINE" missed="0" covered="2"/><counter type="COMPLEXITY" missed="0" covered="1"/><counter type="METHOD" missed="0" covered="1"/></method><counter type="INSTRUCTION" missed="0" covered="13"/><counter type="LINE" missed="0" covered="2"/><counter type="COMPLEXITY" missed="0" covered="1"/><counter type="METHOD" missed="0" covered="1"/><counter type="CLASS" missed="0" covered="1"/></class><class name="com/lampcontrol/plugins/MonitoringKt" sourcefilename="Monitoring.kt"><method name="configureMonitoring" desc="(Lio/ktor/server/application/Application;)V" line="10"><counter type="INSTRUCTION" missed="0" covered="18"/><counter type="LINE" missed="0" covered="3"/><counter type="COMPLEXITY" missed="0" covered="1"/><counter type="METHOD" missed="0" covered="1"/></method><method name="configureMonitoring$lambda$1$lambda$0" desc="(Lio/ktor/server/application/ApplicationCall;)Z" line="12"><counter type="INSTRUCTION" missed="0" covered="12"/><counter type="LINE" missed="0" covered="1"/><counter type="COMPLEXITY" missed="0" covered="1"/><counter type="METHOD" missed="0" covered="1"/></method><method name="configureMonitoring$lambda$1" desc="(Lio/ktor/server/plugins/calllogging/CallLoggingConfig;)Lkotlin/Unit;" line="11"><counter type="INSTRUCTION" missed="0" covered="11"/><counter type="LINE" missed="0" covered="3"/><counter type="COMPLEXITY" missed="0" covered="1"/><counter type="METHOD" missed="0" covered="1"/></method><method name="configureMonitoring$lambda$3$lambda$2" desc="(Ljava/lang/String;)Z" line="17"><counter type="INSTRUCTION" missed="1" covered="10"/><counter type="BRANCH" missed="1" covered="1"/><counter type="LINE" missed="0" covered="1"/><counter type="COMPLEXITY" missed="1" covered="1"/><counter type="METHOD" missed="0" covered="1"/></method><method name="configureMonitoring$lambda$3" desc="(Lio/ktor/server/plugins/callid/CallIdConfig;)Lkotlin/Unit;" line="15"><counter type="INSTRUCTION" missed="0" covered="11"/><counter type="LINE" missed="0" covered="3"/><counter type="COMPLEXITY" missed="0" covered="1"/><counter type="METHOD" missed="0" covered="1"/></method><counter type="INSTRUCTION" missed="1" covered="62"/><counter type="BRANCH" missed="1" covered="1"/><counter type="LINE" missed="0" covered="10"/><counter type="COMPLEXITY" missed="1" covered="5"/><counter type="METHOD" missed="0" covered="5"/><counter type="CLASS" missed="0" covered="1"/></class><class name="com/lampcontrol/plugins/RoutingKt$configureRouting$1$2" sourcefilename="Routing.kt"><method name="invokeSuspend" desc="(Ljava/lang/Object;)Ljava/lang/Object;" line="18"><counter type="INSTRUCTION" missed="0" covered="22"/><counter type="LINE" missed="0" covered="3"/><counter type="COMPLEXITY" missed="0" covered="1"/><counter type="METHOD" missed="0" covered="1"/></method><counter type="INSTRUCTION" missed="0" covered="22"/><counter type="LINE" missed="0" covered="3"/><counter type="COMPLEXITY" missed="0" covered="1"/><counter type="METHOD" missed="0" covered="1"/><counter type="CLASS" missed="0" covered="1"/></class><class name="com/lampcontrol/plugins/RoutingKt$configureRouting$1$1" sourcefilename="Routing.kt"><method name="invokeSuspend" desc="(Ljava/lang/Object;)Ljava/lang/Object;" line="13"><counter type="INSTRUCTION" missed="0" covered="22"/><counter type="LINE" missed="0" covered="3"/><counter type="COMPLEXITY" missed="0" covered="1"/><counter type="METHOD" missed="0" covered="1"/></method><counter type="INSTRUCTION" missed="0" covered="22"/><counter type="LINE" missed="0" covered="3"/><counter type="COMPLEXITY" missed="0" covered="1"/><counter type="METHOD" missed="0" covered="1"/><counter type="CLASS" missed="0" covered="1"/></class><class name="com/lampcontrol/plugins/StatusPagesKt$configureStatusPages$1$3" sourcefilename="StatusPages.kt"><method name="invokeSuspend" desc="(Ljava/lang/Object;)Ljava/lang/Object;" line="25"><counter type="INSTRUCTION" missed="0" covered="31"/><counter type="LINE" missed="0" covered="5"/><counter type="COMPLEXITY" missed="0" covered="1"/><counter type="METHOD" missed="0" covered="1"/></method><counter type="INSTRUCTION" missed="0" covered="31"/><counter type="LINE" missed="0" covered="5"/><counter type="COMPLEXITY" missed="0" covered="1"/><counter type="METHOD" missed="0" covered="1"/><counter type="CLASS" missed="0" covered="1"/></class><class name="com/lampcontrol/plugins/StatusPagesKt$configureStatusPages$1$2" sourcefilename="StatusPages.kt"><method name="invokeSuspend" desc="(Ljava/lang/Object;)Ljava/lang/Object;" line="18"><counter type="INSTRUCTION" missed="0" covered="36"/><counter type="LINE" missed="0" covered="5"/><counter type="COMPLEXITY" missed="0" covered="1"/><counter type="METHOD" missed="0" covered="1"/></method><counter type="INSTRUCTION" missed="0" covered="36"/><counter type="LINE" missed="0" covered="5"/><counter type="COMPLEXITY" missed="0" covered="1"/><counter type="METHOD" missed="0" covered="1"/><counter type="CLASS" missed="0" covered="1"/></class><class name="com/lampcontrol/plugins/StatusPagesKt$configureStatusPages$1$1" sourcefilename="StatusPages.kt"><method name="invokeSuspend" desc="(Ljava/lang/Object;)Ljava/lang/Object;" line="11"><counter type="INSTRUCTION" missed="0" covered="36"/><counter type="LINE" missed="0" covered="5"/><counter type="COMPLEXITY" missed="0" covered="1"/><counter type="METHOD" missed="0" covered="1"/></method><counter type="INSTRUCTION" missed="0" covered="36"/><counter type="LINE" missed="0" covered="5"/><counter type="COMPLEXITY" missed="0" covered="1"/><counter type="METHOD" missed="0" covered="1"/><counter type="CLASS" missed="0" covered="1"/></class><class name="com/lampcontrol/plugins/RoutingKt" sourcefilename="Routing.kt"><method name="configureRouting" desc="(Lio/ktor/server/application/Application;)V" line="10"><counter type="INSTRUCTION" missed="0" covered="13"/><counter type="LINE" missed="0" covered="3"/><counter type="COMPLEXITY" missed="0" covered="1"/><counter type="METHOD" missed="0" covered="1"/></method><method name="configureRouting$lambda$1$lambda$0" desc="(Lcom/lampcontrol/service/InMemoryLampRepository;Lio/ktor/server/routing/Route;)Lkotlin/Unit;" line="24"><counter type="INSTRUCTION" missed="0" covered="9"/><counter type="LINE" missed="0" covered="2"/><counter type="COMPLEXITY" missed="0" covered="1"/><counter type="METHOD" missed="0" covered="1"/></method><method name="configureRouting$lambda$1" desc="(Lcom/lampcontrol/service/InMemoryLampRepository;Lio/ktor/server/routing/Routing;)Lkotlin/Unit;" line="13"><counter type="INSTRUCTION" missed="0" covered="32"/><counter type="LINE" missed="0" covered="4"/><counter type="COMPLEXITY" missed="0" covered="1"/><counter type="METHOD" missed="0" covered="1"/></method><counter type="INSTRUCTION" missed="0" covered="54"/><counter type="LINE" missed="0" covered="9"/><counter type="COMPLEXITY" missed="0" covered="3"/><counter type="METHOD" missed="0" covered="3"/><counter type="CLASS" missed="0" covered="1"/></class><class name="com/lampcontrol/plugins/StatusPagesKt" sourcefilename="StatusPages.kt"><method name="configureStatusPages" desc="(Lio/ktor/server/application/Application;)V" line="10"><counter type="INSTRUCTION" missed="0" covered="11"/><counter type="LINE" missed="0" covered="2"/><counter type="COMPLEXITY" missed="0" covered="1"/><counter type="METHOD" missed="0" covered="1"/></method><method name="configureStatusPages$lambda$0" desc="(Lio/ktor/server/plugins/statuspages/StatusPagesConfig;)Lkotlin/Unit;" line="11"><counter type="INSTRUCTION" missed="0" covered="35"/><counter type="LINE" missed="0" covered="4"/><counter type="COMPLEXITY" missed="0" covered="1"/><counter type="METHOD" missed="0" covered="1"/></method><counter type="INSTRUCTION" missed="0" covered="46"/><counter type="LINE" missed="0" covered="6"/><counter type="COMPLEXITY" missed="0" covered="2"/><counter type="METHOD" missed="0" covered="2"/><counter type="CLASS" missed="0" covered="1"/></class><sourcefile name="Resources.kt"><line nr="7" mi="0" ci="9" mb="0" cb="0"/><line nr="8" mi="0" ci="1" mb="0" cb="0"/><counter type="INSTRUCTION" missed="0" covered="13"/><counter type="LINE" missed="0" covered="2"/><counter type="COMPLEXITY" missed="0" covered="1"/><counter type="METHOD" missed="0" covered="1"/><counter type="CLASS" missed="0" covered="1"/></sourcefile><sourcefile name="Serialization.kt"><line nr="12" mi="0" ci="7" mb="0" cb="0"/><line nr="13" mi="0" ci="11" mb="0" cb="0"/><line nr="14" mi="0" ci="3" mb="0" cb="0"/><line nr="15" mi="0" ci="3" mb="0" cb="0"/><line nr="16" mi="0" ci="3" mb="0" cb="0"/><line nr="17" mi="0" ci="4" mb="0" cb="0"/><line nr="18" mi="0" ci="6" mb="0" cb="0"/><line nr="19" mi="0" ci="2" mb="0" cb="0"/><line nr="20" mi="0" ci="2" mb="0" cb="0"/><line nr="21" mi="0" ci="2" mb="0" cb="0"/><line nr="22" mi="0" ci="1" mb="0" cb="0"/><counter type="INSTRUCTION" missed="0" covered="53"/><counter type="LINE" missed="0" covered="11"/><counter type="COMPLEXITY" missed="0" covered="3"/><counter type="METHOD" missed="0" covered="3"/><counter type="CLASS" missed="0" covered="1"/></sourcefile><sourcefile name="StatusPages.kt"><line nr="10" mi="0" ci="7" mb="0" cb="0"/><line nr="11" mi="0" ci="18" mb="0" cb="0"/><line nr="12" mi="0" ci="4" mb="0" cb="0"/><line nr="13" mi="0" ci="3" mb="0" cb="0"/><line nr="14" mi="0" ci="19" mb="0" cb="0"/><line nr="16" mi="0" ci="2" mb="0" cb="0"/><line nr="18" mi="0" ci="18" mb="0" cb="0"/><line nr="19" mi="0" ci="4" mb="0" cb="0"/><line nr="20" mi="0" ci="3" mb="0" cb="0"/><line nr="21" mi="0" ci="19" mb="0" cb="0"/><line nr="23" mi="0" ci="2" mb="0" cb="0"/><line nr="25" mi="0" ci="14" mb="0" cb="0"/><line nr="26" mi="0" ci="4" mb="0" cb="0"/><line nr="27" mi="0" ci="3" mb="0" cb="0"/><line nr="28" mi="0" ci="18" mb="0" cb="0"/><line nr="30" mi="0" ci="2" mb="0" cb="0"/><line nr="31" mi="0" ci="2" mb="0" cb="0"/><line nr="32" mi="0" ci="1" mb="0" cb="0"/><counter type="INSTRUCTION" missed="0" covered="149"/><counter type="LINE" missed="0" covered="18"/><counter type="COMPLEXITY" missed="0" covered="5"/><counter type="METHOD" missed="0" covered="5"/><counter type="CLASS" missed="0" covered="4"/></sourcefile><sourcefile name="Routing.kt"><line nr="10" mi="0" ci="4" mb="0" cb="0"/><line nr="12" mi="0" ci="5" mb="0" cb="0"/><line nr="13" mi="0" ci="14" mb="0" cb="0"/><line nr="14" mi="0" ci="15" mb="0" cb="0"/><line nr="15" mi="0" ci="3" mb="0" cb="0"/><line nr="18" mi="0" ci="14" mb="0" cb="0"/><line nr="19" mi="0" ci="15" mb="0" cb="0"/><line nr="20" mi="0" ci="3" mb="0" cb="0"/><line nr="23" mi="0" ci="7" mb="0" cb="0"/><line nr="24" mi="0" ci="4" mb="0" cb="0"/><line nr="25" mi="0" ci="2" mb="0" cb="0"/><line nr="26" mi="0" ci="2" mb="0" cb="0"/><line nr="27" mi="0" ci="1" mb="0" cb="0"/><counter type="INSTRUCTION" missed="0" covered="98"/><counter type="LINE" missed="0" covered="13"/><counter type="COMPLEXITY" missed="0" covered="5"/><counter type="METHOD" missed="0" covered="5"/><counter type="CLASS" missed="0" covered="3"/></sourcefile><sourcefile name="Monitoring.kt"><line nr="10" mi="0" ci="7" mb="0" cb="0"/><line nr="11" mi="0" ci="3" mb="0" cb="0"/><line nr="12" mi="0" ci="12" mb="0" cb="0"/><line nr="13" mi="0" ci="2" mb="0" cb="0"/><line nr="14" mi="0" ci="7" mb="0" cb="0"/><line nr="15" mi="0" ci="3" mb="0" cb="0"/><line nr="16" mi="0" ci="3" mb="0" cb="0"/><line nr="17" mi="1" ci="7" mb="1" cb="1"/><line nr="19" mi="0" ci="2" mb="0" cb="0"/><line nr="20" mi="0" ci="1" mb="0" cb="0"/><counter type="INSTRUCTION" missed="1" covered="62"/><counter type="BRANCH" missed="1" covered="1"/><counter type="LINE" missed="0" covered="10"/><counter type="COMPLEXITY" missed="1" covered="5"/><counter type="METHOD" missed="0" covered="5"/><counter type="CLASS" missed="0" covered="1"/></sourcefile><sourcefile name="HTTP.kt"><line nr="8" mi="0" ci="7" mb="0" cb="0"/><line nr="9" mi="0" ci="4" mb="0" cb="0"/><line nr="10" mi="0" ci="4" mb="0" cb="0"/><line nr="11" mi="0" ci="4" mb="0" cb="0"/><line nr="12" mi="0" ci="4" mb="0" cb="0"/><line nr="13" mi="0" ci="4" mb="0" cb="0"/><line nr="14" mi="0" ci="4" mb="0" cb="0"/><line nr="15" mi="0" ci="2" mb="0" cb="0"/><line nr="16" mi="0" ci="2" mb="0" cb="0"/><line nr="17" mi="0" ci="1" mb="0" cb="0"/><counter type="INSTRUCTION" missed="0" covered="42"/><counter type="LINE" missed="0" covered="10"/><counter type="COMPLEXITY" missed="0" covered="2"/><counter type="METHOD" missed="0" covered="2"/><counter type="CLASS" missed="0" covered="1"/></sourcefile><counter type="INSTRUCTION" missed="1" covered="417"/><counter type="BRANCH" missed="1" covered="1"/><counter type="LINE" missed="0" covered="64"/><counter type="COMPLEXITY" missed="1" covered="21"/><counter type="METHOD" missed="0" covered="21"/><counter type="CLASS" missed="0" covered="11"/></package><package name="com/lampcontrol/serialization"><class name="com/lampcontrol/serialization/UUIDSerializer" sourcefilename="UUIDSerializer.kt"><method name="getDescriptor" desc="()Lkotlinx/serialization/descriptors/SerialDescriptor;" line="12"><counter type="INSTRUCTION" missed="0" covered="2"/><counter type="LINE" missed="0" covered="1"/><counter type="COMPLEXITY" missed="0" covered="1"/><counter type="METHOD" missed="0" covered="1"/></method><method name="serialize" desc="(Lkotlinx/serialization/encoding/Encoder;Ljava/util/UUID;)V" line="15"><counter type="INSTRUCTION" missed="0" covered="14"/><counter type="LINE" missed="0" covered="2"/><counter type="COMPLEXITY" missed="0" covered="1"/><counter type="METHOD" missed="0" covered="1"/></method><method name="deserialize" desc="(Lkotlinx/serialization/encoding/Decoder;)Ljava/util/UUID;" line="19"><counter type="INSTRUCTION" missed="0" covered="10"/><counter type="LINE" missed="0" covered="1"/><counter type="COMPLEXITY" missed="0" covered="1"/><counter type="METHOD" missed="0" covered="1"/></method><method name="&lt;clinit&gt;" desc="()V" line="12"><counter type="INSTRUCTION" missed="0" covered="10"/><counter type="LINE" missed="0" covered="1"/><counter type="COMPLEXITY" missed="0" covered="1"/><counter type="METHOD" missed="0" covered="1"/></method><counter type="INSTRUCTION" missed="0" covered="36"/><counter type="LINE" missed="0" covered="4"/><counter type="COMPLEXITY" missed="0" covered="4"/><counter type="METHOD" missed="0" covered="4"/><counter type="CLASS" missed="0" covered="1"/></class><sourcefile name="UUIDSerializer.kt"><line nr="12" mi="0" ci="8" mb="0" cb="0"/><line nr="15" mi="0" ci="7" mb="0" cb="0"/><line nr="16" mi="0" ci="1" mb="0" cb="0"/><line nr="19" mi="0" ci="7" mb="0" cb="0"/><counter type="INSTRUCTION" missed="0" covered="36"/><counter type="LINE" missed="0" covered="4"/><counter type="COMPLEXITY" missed="0" covered="4"/><counter type="METHOD" missed="0" covered="4"/><counter type="CLASS" missed="0" covered="1"/></sourcefile><counter type="INSTRUCTION" missed="0" covered="36"/><counter type="LINE" missed="0" covered="4"/><counter type="COMPLEXITY" missed="0" covered="4"/><counter type="METHOD" missed="0" covered="4"/><counter type="CLASS" missed="0" covered="1"/></package><package name="com/lampcontrol/di"><class name="com/lampcontrol/di/ServiceContainer" sourcefilename="ServiceContainer.kt"><method name="getLampService" desc="()Lcom/lampcontrol/repository/LampRepository;" line="10"><counter type="INSTRUCTION" missed="0" covered="6"/><counter type="LINE" missed="0" covered="1"/><counter type="COMPLEXITY" missed="0" covered="1"/><counter type="METHOD" missed="0" covered="1"/></method><method name="lampService_delegate$lambda$0" desc="()Lcom/lampcontrol/service/InMemoryLampRepository;" line="10"><counter type="INSTRUCTION" missed="0" covered="4"/><counter type="LINE" missed="0" covered="1"/><counter type="COMPLEXITY" missed="0" covered="1"/><counter type="METHOD" missed="0" covered="1"/></method><method name="&lt;clinit&gt;" desc="()V" line="10"><counter type="INSTRUCTION" missed="0" covered="8"/><counter type="LINE" missed="0" covered="1"/><counter type="COMPLEXITY" missed="0" covered="1"/><counter type="METHOD" missed="0" covered="1"/></method><counter type="INSTRUCTION" missed="0" covered="18"/><counter type="LINE" missed="0" covered="1"/><counter type="COMPLEXITY" missed="0" covered="3"/><counter type="METHOD" missed="0" covered="3"/><counter type="CLASS" missed="0" covered="1"/></class><sourcefile name="ServiceContainer.kt"><line nr="10" mi="0" ci="14" mb="0" cb="0"/><counter type="INSTRUCTION" missed="0" covered="18"/><counter type="LINE" missed="0" covered="1"/><counter type="COMPLEXITY" missed="0" covered="3"/><counter type="METHOD" missed="0" covered="3"/><counter type="CLASS" missed="0" covered="1"/></sourcefile><counter type="INSTRUCTION" missed="0" covered="18"/><counter type="LINE" missed="0" covered="1"/><counter type="COMPLEXITY" missed="0" covered="3"/><counter type="METHOD" missed="0" covered="3"/><counter type="CLASS" missed="0" covered="1"/></package><package name="com/lampcontrol/api/models"><class name="com/lampcontrol/api/models/LampCreate$Companion" sourcefilename="LampCreate.kt"><method name="serializer" desc="()Lkotlinx/serialization/KSerializer;" line="20"><counter type="INSTRUCTION" missed="0" covered="3"/><counter type="LINE" missed="0" covered="1"/><counter type="COMPLEXITY" missed="0" covered="1"/><counter type="METHOD" missed="0" covered="1"/></method><counter type="INSTRUCTION" missed="0" covered="3"/><counter type="LINE" missed="0" covered="1"/><counter type="COMPLEXITY" missed="0" covered="1"/><counter type="METHOD" missed="0" covered="1"/><counter type="CLASS" missed="0" covered="1"/></class><class name="com/lampcontrol/api/models/Lamp" sourcefilename="Lamp.kt"><method name="&lt;init&gt;" desc="(Ljava/util/UUID;Z)V" line="23"><counter type="INSTRUCTION" missed="0" covered="12"/><counter type="LINE" missed="0" covered="3"/><counter type="COMPLEXITY" missed="0" covered="1"/><counter type="METHOD" missed="0" covered="1"/></method><method name="getId" desc="()Ljava/util/UUID;" line="25"><counter type="INSTRUCTION" missed="0" covered="3"/><counter type="LINE" missed="0" covered="1"/><counter type="COMPLEXITY" missed="0" covered="1"/><counter type="METHOD" missed="0" covered="1"/></method><method name="getStatus" desc="()Z" line="27"><counter type="INSTRUCTION" missed="0" covered="3"/><counter type="LINE" missed="0" covered="1"/><counter type="COMPLEXITY" missed="0" covered="1"/><counter type="METHOD" missed="0" covered="1"/></method><method name="&lt;clinit&gt;" desc="()V" line="22"><counter type="INSTRUCTION" missed="0" covered="26"/><counter type="LINE" missed="0" covered="1"/><counter type="COMPLEXITY" missed="0" covered="1"/><counter type="METHOD" missed="0" covered="1"/></method><counter type="INSTRUCTION" missed="0" covered="44"/><counter type="LINE" missed="0" covered="4"/><counter type="COMPLEXITY" missed="0" covered="4"/><counter type="METHOD" missed="0" covered="4"/><counter type="CLASS" missed="0" covered="1"/></class><class name="com/lampcontrol/api/models/LampUpdate" sourcefilename="LampUpdate.kt"><method name="&lt;init&gt;" desc="(Z)V" line="21"><counter type="INSTRUCTION" missed="0" covered="6"/><counter type="LINE" missed="0" covered="2"/><counter type="COMPLEXITY" missed="0" covered="1"/><counter type="METHOD" missed="0" covered="1"/></method><method name="getStatus" desc="()Z" line="23"><counter type="INSTRUCTION" missed="0" covered="3"/><counter type="LINE" missed="0" covered="1"/><counter type="COMPLEXITY" missed="0" covered="1"/><counter type="METHOD" missed="0" covered="1"/></method><counter type="INSTRUCTION" missed="0" covered="9"/><counter type="LINE" missed="0" covered="2"/><counter type="COMPLEXITY" missed="0" covered="2"/><counter type="METHOD" missed="0" covered="2"/><counter type="CLASS" missed="0" covered="1"/></class><class name="com/lampcontrol/api/models/LampCreate" sourcefilename="LampCreate.kt"><method name="&lt;init&gt;" desc="(Z)V" line="21"><counter type="INSTRUCTION" missed="0" covered="6"/><counter type="LINE" missed="0" covered="2"/><counter type="COMPLEXITY" missed="0" covered="1"/><counter type="METHOD" missed="0" covered="1"/></method><method name="getStatus" desc="()Z" line="23"><counter type="INSTRUCTION" missed="0" covered="3"/><counter type="LINE" missed="0" covered="1"/><counter type="COMPLEXITY" missed="0" covered="1"/><counter type="METHOD" missed="0" covered="1"/></method><counter type="INSTRUCTION" missed="0" covered="9"/><counter type="LINE" missed="0" covered="2"/><counter type="COMPLEXITY" missed="0" covered="2"/><counter type="METHOD" missed="0" covered="2"/><counter type="CLASS" missed="0" covered="1"/></class><class name="com/lampcontrol/api/models/LampUpdate$Companion" sourcefilename="LampUpdate.kt"><method name="serializer" desc="()Lkotlinx/serialization/KSerializer;" line="20"><counter type="INSTRUCTION" missed="0" covered="3"/><counter type="LINE" missed="0" covered="1"/><counter type="COMPLEXITY" missed="0" covered="1"/><counter type="METHOD" missed="0" covered="1"/></method><counter type="INSTRUCTION" missed="0" covered="3"/><counter type="LINE" missed="0" covered="1"/><counter type="COMPLEXITY" missed="0" covered="1"/><counter type="METHOD" missed="0" covered="1"/><counter type="CLASS" missed="0" covered="1"/></class><class name="com/lampcontrol/api/models/Lamp$Companion" sourcefilename="Lamp.kt"><method name="serializer" desc="()Lkotlinx/serialization/KSerializer;" line="22"><counter type="INSTRUCTION" missed="0" covered="3"/><counter type="LINE" missed="0" covered="1"/><counter type="COMPLEXITY" missed="0" covered="1"/><counter type="METHOD" missed="0" covered="1"/></method><counter type="INSTRUCTION" missed="0" covered="3"/><counter type="LINE" missed="0" covered="1"/><counter type="COMPLEXITY" missed="0" covered="1"/><counter type="METHOD" missed="0" covered="1"/><counter type="CLASS" missed="0" covered="1"/></class><sourcefile name="Lamp.kt"><line nr="22" mi="0" ci="24" mb="0" cb="0"/><line nr="23" mi="0" ci="3" mb="0" cb="0"/><line nr="25" mi="0" ci="6" mb="0" cb="0"/><line nr="27" mi="0" ci="6" mb="0" cb="0"/><counter type="INSTRUCTION" missed="0" covered="47"/><counter type="LINE" missed="0" covered="4"/><counter type="COMPLEXITY" missed="0" covered="5"/><counter type="METHOD" missed="0" covered="5"/><counter type="CLASS" missed="0" covered="2"/></sourcefile><sourcefile name="LampCreate.kt"><line nr="20" mi="0" ci="3" mb="0" cb="0"/><line nr="21" mi="0" ci="3" mb="0" cb="0"/><line nr="23" mi="0" ci="6" mb="0" cb="0"/><counter type="INSTRUCTION" missed="0" covered="12"/><counter type="LINE" missed="0" covered="3"/><counter type="COMPLEXITY" missed="0" covered="3"/><counter type="METHOD" missed="0" covered="3"/><counter type="CLASS" missed="0" covered="2"/></sourcefile><sourcefile name="LampUpdate.kt"><line nr="20" mi="0" ci="3" mb="0" cb="0"/><line nr="21" mi="0" ci="3" mb="0" cb="0"/><line nr="23" mi="0" ci="6" mb="0" cb="0"/><counter type="INSTRUCTION" missed="0" covered="12"/><counter type="LINE" missed="0" covered="3"/><counter type="COMPLEXITY" missed="0" covered="3"/><counter type="METHOD" missed="0" covered="3"/><counter type="CLASS" missed="0" covered="2"/></sourcefile><counter type="INSTRUCTION" missed="0" covered="71"/><counter type="LINE" missed="0" covered="10"/><counter type="COMPLEXITY" missed="0" covered="11"/><counter type="METHOD" missed="0" covered="11"/><counter type="CLASS" missed="0" covered="6"/></package><package name="com/lampcontrol/api/infrastructure"><class name="com/lampcontrol/api/infrastructure/ApiKeyAuthenticationProvider$onAuthenticate$2" sourcefilename="ApiKeyAuth.kt"><method name="invokeSuspend" desc="(Ljava/lang/Object;)Ljava/lang/Object;" line="40"><counter type="INSTRUCTION" missed="0" covered="38"/><counter type="LINE" missed="0" covered="9"/><counter type="COMPLEXITY" missed="0" covered="1"/><counter type="METHOD" missed="0" covered="1"/></method><counter type="INSTRUCTION" missed="0" covered="38"/><counter type="LINE" missed="0" covered="9"/><counter type="COMPLEXITY" missed="0" covered="1"/><counter type="METHOD" missed="0" covered="1"/><counter type="CLASS" missed="0" covered="1"/></class><class name="com/lampcontrol/api/infrastructure/ApiKeyAuthenticationProvider$onAuthenticate$1" sourcefilename="ApiKeyAuth.kt"/><class name="com/lampcontrol/api/infrastructure/ApiKeyAuthenticationProvider$Configuration$authenticationFunction$1" sourcefilename="ApiKeyAuth.kt"><method name="invokeSuspend" desc="(Ljava/lang/Object;)Ljava/lang/Object;" line="61"><counter type="INSTRUCTION" missed="17" covered="0"/><counter type="BRANCH" missed="2" covered="0"/><counter type="LINE" missed="3" covered="0"/><counter type="COMPLEXITY" missed="2" covered="0"/><counter type="METHOD" missed="1" covered="0"/></method><counter type="INSTRUCTION" missed="17" covered="0"/><counter type="BRANCH" missed="2" covered="0"/><counter type="LINE" missed="3" covered="0"/><counter type="COMPLEXITY" missed="2" covered="0"/><counter type="METHOD" missed="1" covered="0"/><counter type="CLASS" missed="1" covered="0"/></class><class name="com/lampcontrol/api/infrastructure/ApiKeyAuthenticationProvider" sourcefilename="ApiKeyAuth.kt"><method name="&lt;init&gt;" desc="(Lcom/lampcontrol/api/infrastructure/ApiKeyAuthenticationProvider$Configuration;)V" line="20"><counter type="INSTRUCTION" missed="0" covered="20"/><counter type="LINE" missed="0" covered="4"/><counter type="COMPLEXITY" missed="0" covered="1"/><counter type="METHOD" missed="0" covered="1"/></method><method name="onAuthenticate" desc="(Lio/ktor/server/auth/AuthenticationContext;Lkotlin/coroutines/Continuation;)Ljava/lang/Object;" line="29"><counter type="INSTRUCTION" missed="0" covered="72"/><counter type="BRANCH" missed="0" covered="10"/><counter type="LINE" missed="0" covered="12"/><counter type="COMPLEXITY" missed="0" covered="6"/><counter type="METHOD" missed="0" covered="1"/></method><counter type="INSTRUCTION" missed="0" covered="92"/><counter type="BRANCH" missed="0" covered="10"/><counter type="LINE" missed="0" covered="16"/><counter type="COMPLEXITY" missed="0" covered="7"/><counter type="METHOD" missed="0" covered="2"/><counter type="CLASS" missed="0" covered="1"/></class><class name="com/lampcontrol/api/infrastructure/ApiKeyLocation" sourcefilename="ApiKeyAuth.kt"><method name="&lt;init&gt;" desc="(Ljava/lang/String;ILjava/lang/String;)V" line="9"><counter type="INSTRUCTION" missed="0" covered="8"/><counter type="LINE" missed="0" covered="1"/><counter type="COMPLEXITY" missed="0" covered="1"/><counter type="METHOD" missed="0" covered="1"/></method><method name="getLocation" desc="()Ljava/lang/String;" line="9"><counter type="INSTRUCTION" missed="3" covered="0"/><counter type="LINE" missed="1" covered="0"/><counter type="COMPLEXITY" missed="1" covered="0"/><counter type="METHOD" missed="1" covered="0"/></method><method name="getEntries" desc="()Lkotlin/enums/EnumEntries;" line="12"><counter type="INSTRUCTION" missed="2" covered="0"/><counter type="LINE" missed="1" covered="0"/><counter type="COMPLEXITY" missed="1" covered="0"/><counter type="METHOD" missed="1" covered="0"/></method><method name="&lt;clinit&gt;" desc="()V" line="10"><counter type="INSTRUCTION" missed="0" covered="21"/><counter type="LINE" missed="0" covered="2"/><counter type="COMPLEXITY" missed="0" covered="1"/><counter type="METHOD" missed="0" covered="1"/></method><counter type="INSTRUCTION" missed="5" covered="29"/><counter type="LINE" missed="1" covered="3"/><counter type="COMPLEXITY" missed="2" covered="2"/><counter type="METHOD" missed="2" covered="2"/><counter type="CLASS" missed="0" covered="1"/></class><class name="com/lampcontrol/api/infrastructure/ApiKeyAuthenticationProvider$Configuration" sourcefilename="ApiKeyAuth.kt"><method name="&lt;init&gt;" desc="(Ljava/lang/String;)V" line="59"><counter type="INSTRUCTION" missed="0" covered="17"/><counter type="LINE" missed="0" covered="4"/><counter type="COMPLEXITY" missed="0" covered="1"/><counter type="METHOD" missed="0" covered="1"/></method><method name="getAuthenticationFunction$kotlin_server" desc="()Lkotlin/jvm/functions/Function3;" line="61"><counter type="INSTRUCTION" missed="0" covered="3"/><counter type="LINE" missed="0" covered="1"/><counter type="COMPLEXITY" missed="0" covered="1"/><counter type="METHOD" missed="0" covered="1"/></method><method name="setAuthenticationFunction$kotlin_server" desc="(Lkotlin/jvm/functions/Function3;)V" line="61"><counter type="INSTRUCTION" missed="7" covered="0"/><counter type="LINE" missed="2" covered="0"/><counter type="COMPLEXITY" missed="1" covered="0"/><counter type="METHOD" missed="1" covered="0"/></method><method name="getApiKeyName" desc="()Ljava/lang/String;" line="67"><counter type="INSTRUCTION" missed="0" covered="3"/><counter type="LINE" missed="0" covered="1"/><counter type="COMPLEXITY" missed="0" covered="1"/><counter type="METHOD" missed="0" covered="1"/></method><method name="setApiKeyName" desc="(Ljava/lang/String;)V" line="67"><counter type="INSTRUCTION" missed="0" covered="7"/><counter type="LINE" missed="0" covered="1"/><counter type="COMPLEXITY" missed="0" covered="1"/><counter type="METHOD" missed="0" covered="1"/></method><method name="getApiKeyLocation" desc="()Lcom/lampcontrol/api/infrastructure/ApiKeyLocation;" line="69"><counter type="INSTRUCTION" missed="0" covered="3"/><counter type="LINE" missed="0" covered="1"/><counter type="COMPLEXITY" missed="0" covered="1"/><counter type="METHOD" missed="0" covered="1"/></method><method name="setApiKeyLocation" desc="(Lcom/lampcontrol/api/infrastructure/ApiKeyLocation;)V" line="69"><counter type="INSTRUCTION" missed="0" covered="7"/><counter type="LINE" missed="0" covered="1"/><counter type="COMPLEXITY" missed="0" covered="1"/><counter type="METHOD" missed="0" covered="1"/></method><method name="validate" desc="(Lkotlin/jvm/functions/Function3;)V" line="76"><counter type="INSTRUCTION" missed="0" covered="7"/><counter type="LINE" missed="0" covered="2"/><counter type="COMPLEXITY" missed="0" covered="1"/><counter type="METHOD" missed="0" covered="1"/></method><counter type="INSTRUCTION" missed="7" covered="47"/><counter type="LINE" missed="1" covered="6"/><counter type="COMPLEXITY" missed="1" covered="7"/><counter type="METHOD" missed="1" covered="7"/><counter type="CLASS" missed="0" covered="1"/></class><class name="com/lampcontrol/api/infrastructure/ApiKeyAuthKt" sourcefilename="ApiKeyAuth.kt"><method name="apiKeyAuth" desc="(Lio/ktor/server/auth/AuthenticationConfig;Ljava/lang/String;Lkotlin/jvm/functions/Function1;)V" line="85"><counter type="INSTRUCTION" missed="0" covered="27"/><counter type="LINE" missed="0" covered="4"/><counter type="COMPLEXITY" missed="0" covered="1"/><counter type="METHOD" missed="0" covered="1"/></method><method name="apiKeyAuth$default" desc="(Lio/ktor/server/auth/AuthenticationConfig;Ljava/lang/String;Lkotlin/jvm/functions/Function1;ILjava/lang/Object;)V" line="81"><counter type="INSTRUCTION" missed="10" covered="0"/><counter type="LINE" missed="2" covered="0"/><counter type="COMPLEXITY" missed="1" covered="0"/><counter type="METHOD" missed="1" covered="0"/></method><method name="apiKeyAuthenticationCredentials" desc="(Lio/ktor/server/request/ApplicationRequest;Ljava/lang/String;Lcom/lampcontrol/api/infrastructure/ApiKeyLocation;)Lcom/lampcontrol/api/infrastructure/ApiKeyCredential;" line="94"><counter type="INSTRUCTION" missed="0" covered="36"/><counter type="BRANCH" missed="0" covered="4"/><counter type="LINE" missed="0" covered="6"/><counter type="COMPLEXITY" missed="0" covered="3"/><counter type="METHOD" missed="0" covered="1"/></method><counter type="INSTRUCTION" missed="10" covered="63"/><counter type="BRANCH" missed="0" covered="4"/><counter type="LINE" missed="2" covered="10"/><counter type="COMPLEXITY" missed="1" covered="4"/><counter type="METHOD" missed="1" covered="2"/><counter type="CLASS" missed="0" covered="1"/></class><class name="com/lampcontrol/api/infrastructure/ApiPrincipal" sourcefilename="ApiKeyAuth.kt"><method name="&lt;init&gt;" desc="(Lcom/lampcontrol/api/infrastructure/ApiKeyCredential;)V" line="15"><counter type="INSTRUCTION" missed="0" covered="6"/><counter type="LINE" missed="0" covered="1"/><counter type="COMPLEXITY" missed="0" covered="1"/><counter type="METHOD" missed="0" covered="1"/></method><method name="getApiKeyCredential" desc="()Lcom/lampcontrol/api/infrastructure/ApiKeyCredential;" line="15"><counter type="INSTRUCTION" missed="3" covered="0"/><counter type="LINE" missed="1" covered="0"/><counter type="COMPLEXITY" missed="1" covered="0"/><counter type="METHOD" missed="1" covered="0"/></method><counter type="INSTRUCTION" missed="3" covered="6"/><counter type="LINE" missed="0" covered="1"/><counter type="COMPLEXITY" missed="1" covered="1"/><counter type="METHOD" missed="1" covered="1"/><counter type="CLASS" missed="0" covered="1"/></class><class name="com/lampcontrol/api/infrastructure/ApiKeyCredential" sourcefilename="ApiKeyAuth.kt"><method name="&lt;init&gt;" desc="(Ljava/lang/String;)V" line="14"><counter type="INSTRUCTION" missed="0" covered="9"/><counter type="LINE" missed="0" covered="1"/><counter type="COMPLEXITY" missed="0" covered="1"/><counter type="METHOD" missed="0" covered="1"/></method><method name="getValue" desc="()Ljava/lang/String;" line="14"><counter type="INSTRUCTION" missed="0" covered="3"/><counter type="LINE" missed="0" covered="1"/><counter type="COMPLEXITY" missed="0" covered="1"/><counter type="METHOD" missed="0" covered="1"/></method><counter type="INSTRUCTION" missed="0" covered="12"/><counter type="LINE" missed="0" covered="1"/><counter type="COMPLEXITY" missed="0" covered="2"/><counter type="METHOD" missed="0" covered="2"/><counter type="CLASS" missed="0" covered="1"/></class><sourcefile name="ApiKeyAuth.kt"><line nr="9" mi="3" ci="8" mb="0" cb="0"/><line nr="10" mi="0" ci="7" mb="0" cb="0"/><line nr="11" mi="0" ci="14" mb="0" cb="0"/><line nr="12" mi="1" ci="0" mb="0" cb="0"/><line nr="14" mi="0" ci="9" mb="0" cb="0"/><line nr="15" mi="3" ci="6" mb="0" cb="0"/><line nr="20" mi="0" ci="5" mb="0" cb="0"/><line nr="22" mi="0" ci="4" mb="0" cb="0"/><line nr="24" mi="0" ci="4" mb="0" cb="0"/><line nr="26" mi="0" ci="4" mb="0" cb="0"/><line nr="29" mi="0" ci="3" mb="0" cb="0"/><line nr="30" mi="0" ci="8" mb="0" cb="0"/><line nr="31" mi="0" ci="28" mb="0" cb="2"/><line nr="33" mi="0" ci="2" mb="0" cb="0"/><line nr="34" mi="0" ci="5" mb="0" cb="2"/><line nr="35" mi="0" ci="5" mb="0" cb="2"/><line nr="36" mi="0" ci="1" mb="0" cb="0"/><line nr="39" mi="0" ci="2" mb="0" cb="2"/><line nr="40" mi="0" ci="19" mb="0" cb="0"/><line nr="41" mi="0" ci="4" mb="0" cb="0"/><line nr="42" mi="0" ci="4" mb="0" cb="0"/><line nr="43" mi="0" ci="10" mb="0" cb="0"/><line nr="44" mi="0" ci="1" mb="0" cb="0"/><line nr="45" mi="0" ci="6" mb="0" cb="0"/><line nr="46" mi="0" ci="1" mb="0" cb="0"/><line nr="50" mi="0" ci="2" mb="0" cb="0"/><line nr="51" mi="0" ci="2" mb="0" cb="0"/><line nr="54" mi="0" ci="2" mb="0" cb="2"/><line nr="55" mi="0" ci="3" mb="0" cb="0"/><line nr="57" mi="0" ci="2" mb="0" cb="0"/><line nr="59" mi="0" ci="4" mb="0" cb="0"/><line nr="61" mi="14" ci="10" mb="2" cb="0"/><line nr="62" mi="4" ci="0" mb="0" cb="0"/><line nr="63" mi="1" ci="0" mb="0" cb="0"/><line nr="65" mi="1" ci="0" mb="0" cb="0"/><line nr="67" mi="0" ci="10" mb="0" cb="0"/><line nr="69" mi="0" ci="10" mb="0" cb="0"/><line nr="76" mi="0" ci="3" mb="0" cb="0"/><line nr="77" mi="0" ci="1" mb="0" cb="0"/><line nr="81" mi="8" ci="0" mb="0" cb="0"/><line nr="82" mi="2" ci="0" mb="0" cb="0"/><line nr="85" mi="0" ci="11" mb="0" cb="0"/><line nr="86" mi="0" ci="5" mb="0" cb="0"/><line nr="87" mi="0" ci="4" mb="0" cb="0"/><line nr="88" mi="0" ci="1" mb="0" cb="0"/><line nr="94" mi="0" ci="7" mb="0" cb="2"/><line nr="95" mi="0" ci="5" mb="0" cb="0"/><line nr="96" mi="0" ci="5" mb="0" cb="0"/><line nr="98" mi="0" ci="4" mb="0" cb="2"/><line nr="99" mi="0" ci="1" mb="0" cb="0"/><line nr="100" mi="0" ci="5" mb="0" cb="0"/><counter type="INSTRUCTION" missed="42" covered="287"/><counter type="BRANCH" missed="2" covered="14"/><counter type="LINE" missed="6" covered="45"/><counter type="COMPLEXITY" missed="7" covered="24"/><counter type="METHOD" missed="6" covered="17"/><counter type="CLASS" missed="1" covered="7"/></sourcefile><counter type="INSTRUCTION" missed="42" covered="287"/><counter type="BRANCH" missed="2" covered="14"/><counter type="LINE" missed="6" covered="45"/><counter type="COMPLEXITY" missed="7" covered="24"/><counter type="METHOD" missed="6" covered="17"/><counter type="CLASS" missed="1" covered="7"/></package><package name="com/lampcontrol/service"><class name="com/lampcontrol/service/InMemoryLampRepository" sourcefilename="LampService.kt"><method name="&lt;init&gt;" desc="()V" line="13"><counter type="INSTRUCTION" missed="0" covered="8"/><counter type="LINE" missed="0" covered="2"/><counter type="COMPLEXITY" missed="0" covered="1"/><counter type="METHOD" missed="0" covered="1"/></method><method name="getAllLamps" desc="()Ljava/util/List;" line="21"><counter type="INSTRUCTION" missed="0" covered="9"/><counter type="LINE" missed="0" covered="1"/><counter type="COMPLEXITY" missed="0" covered="1"/><counter type="METHOD" missed="0" covered="1"/></method><method name="getLampById" desc="(Ljava/lang/String;)Lcom/lampcontrol/api/models/Lamp;" line="28"><counter type="INSTRUCTION" missed="0" covered="9"/><counter type="LINE" missed="0" covered="1"/><counter type="COMPLEXITY" missed="0" covered="1"/><counter type="METHOD" missed="0" covered="1"/></method><method name="createLamp" desc="(Lcom/lampcontrol/api/models/LampCreate;)Lcom/lampcontrol/api/models/Lamp;" line="35"><counter type="INSTRUCTION" missed="0" covered="24"/><counter type="LINE" missed="0" covered="6"/><counter type="COMPLEXITY" missed="0" covered="1"/><counter type="METHOD" missed="0" covered="1"/></method><method name="updateLamp" desc="(Ljava/lang/String;Lcom/lampcontrol/api/models/LampUpdate;)Lcom/lampcontrol/api/models/Lamp;" line="49"><counter type="INSTRUCTION" missed="0" covered="34"/><counter type="BRANCH" missed="0" covered="2"/><counter type="LINE" missed="0" covered="4"/><counter type="COMPLEXITY" missed="0" covered="2"/><counter type="METHOD" missed="0" covered="1"/></method><method name="deleteLamp" desc="(Ljava/lang/String;)Z" line="59"><counter type="INSTRUCTION" missed="0" covered="12"/><counter type="BRANCH" missed="0" covered="2"/><counter type="LINE" missed="0" covered="1"/><counter type="COMPLEXITY" missed="0" covered="2"/><counter type="METHOD" missed="0" covered="1"/></method><method name="lampExists" desc="(Ljava/lang/String;)Z" line="66"><counter type="INSTRUCTION" missed="0" covered="8"/><counter type="LINE" missed="0" covered="1"/><counter type="COMPLEXITY" missed="0" covered="1"/><counter type="METHOD" missed="0" covered="1"/></method><counter type="INSTRUCTION" missed="0" covered="104"/><counter type="BRANCH" missed="0" covered="4"/><counter type="LINE" missed="0" covered="16"/><counter type="COMPLEXITY" missed="0" covered="9"/><counter type="METHOD" missed="0" covered="7"/><counter type="CLASS" missed="0" covered="1"/></class><sourcefile name="LampService.kt"><line nr="13" mi="0" ci="3" mb="0" cb="0"/><line nr="15" mi="0" ci="5" mb="0" cb="0"/><line nr="21" mi="0" ci="9" mb="0" cb="0"/><line nr="28" mi="0" ci="6" mb="0" cb="0"/><line nr="35" mi="0" ci="2" mb="0" cb="0"/><line nr="36" mi="0" ci="4" mb="0" cb="0"/><line nr="37" mi="0" ci="3" mb="0" cb="0"/><line nr="38" mi="0" ci="2" mb="0" cb="0"/><line nr="41" mi="0" ci="8" mb="0" cb="0"/><line nr="42" mi="0" ci="2" mb="0" cb="0"/><line nr="49" mi="0" ci="11" mb="0" cb="2"/><line nr="50" mi="0" ci="8" mb="0" cb="0"/><line nr="51" mi="0" ci="7" mb="0" cb="0"/><line nr="52" mi="0" ci="2" mb="0" cb="0"/><line nr="59" mi="0" ci="9" mb="0" cb="2"/><line nr="66" mi="0" ci="5" mb="0" cb="0"/><counter type="INSTRUCTION" missed="0" covered="104"/><counter type="BRANCH" missed="0" covered="4"/><counter type="LINE" missed="0" covered="16"/><counter type="COMPLEXITY" missed="0" covered="9"/><counter type="METHOD" missed="0" covered="7"/><counter type="CLASS" missed="0" covered="1"/></sourcefile><counter type="INSTRUCTION" missed="0" covered="104"/><counter type="BRANCH" missed="0" covered="4"/><counter type="LINE" missed="0" covered="16"/><counter type="COMPLEXITY" missed="0" covered="9"/><counter type="METHOD" missed="0" covered="7"/><counter type="CLASS" missed="0" covered="1"/></package><package name="com/lampcontrol/repository"><class name="com/lampcontrol/repository/LampRepository" sourcefilename="LampRepository.kt"/><sourcefile name="LampRepository.kt"/></package><package name="com/lampcontrol/api/apis"><class name="com/lampcontrol/api/apis/DefaultApiKt$DefaultApi$$inlined$get$1$1" sourcefilename="Routing.kt"><method name="invoke" desc="(Lio/ktor/server/routing/Route;)V" line="38"><counter type="INSTRUCTION" missed="0" covered="11"/><counter type="LINE" missed="0" covered="2"/><counter type="COMPLEXITY" missed="0" covered="1"/><counter type="METHOD" missed="0" covered="1"/></method><counter type="INSTRUCTION" missed="0" covered="11"/><counter type="LINE" missed="0" covered="2"/><counter type="COMPLEXITY" missed="0" covered="1"/><counter type="METHOD" missed="0" covered="1"/><counter type="CLASS" missed="0" covered="1"/></class><class name="com/lampcontrol/api/apis/DefaultApiKt$DefaultApi$$inlined$get$1" sourcefilename="Routing.kt"><method name="invoke" desc="(Lio/ktor/server/routing/Route;)V" line="37"><counter type="INSTRUCTION" missed="0" covered="17"/><counter type="LINE" missed="0" covered="2"/><counter type="COMPLEXITY" missed="0" covered="1"/><counter type="METHOD" missed="0" covered="1"/></method><counter type="INSTRUCTION" missed="0" covered="17"/><counter type="LINE" missed="0" covered="2"/><counter type="COMPLEXITY" missed="0" covered="1"/><counter type="METHOD" missed="0" covered="1"/><counter type="CLASS" missed="0" covered="1"/></class><class name="com/lampcontrol/api/apis/DefaultApiKt$DefaultApi$$inlined$get$2" sourcefilename="Routing.kt"><method name="invoke" desc="(Lio/ktor/server/routing/Route;)V" line="37"><counter type="INSTRUCTION" missed="0" covered="17"/><counter type="LINE" missed="0" covered="2"/><counter type="COMPLEXITY" missed="0" covered="1"/><counter type="METHOD" missed="0" covered="1"/></method><counter type="INSTRUCTION" missed="0" covered="17"/><counter type="LINE" missed="0" covered="2"/><counter type="COMPLEXITY" missed="0" covered="1"/><counter type="METHOD" missed="0" covered="1"/><counter type="CLASS" missed="0" covered="1"/></class><class name="com/lampcontrol/api/apis/DefaultApiKt$DefaultApi$$inlined$post$1$1" sourcefilename="Routing.kt"><method name="invoke" desc="(Lio/ktor/server/routing/Route;)V" line="95"><counter type="INSTRUCTION" missed="0" covered="11"/><counter type="LINE" missed="0" covered="2"/><counter type="COMPLEXITY" missed="0" covered="1"/><counter type="METHOD" missed="0" covered="1"/></method><counter type="INSTRUCTION" missed="0" covered="11"/><counter type="LINE" missed="0" covered="2"/><counter type="COMPLEXITY" missed="0" covered="1"/><counter type="METHOD" missed="0" covered="1"/><counter type="CLASS" missed="0" covered="1"/></class><class name="com/lampcontrol/api/apis/DefaultApiKt$DefaultApi$$inlined$delete$1" sourcefilename="Routing.kt"><method name="invoke" desc="(Lio/ktor/server/routing/Route;)V" line="160"><counter type="INSTRUCTION" missed="0" covered="17"/><counter type="LINE" missed="0" covered="2"/><counter type="COMPLEXITY" missed="0" covered="1"/><counter type="METHOD" missed="0" covered="1"/></method><counter type="INSTRUCTION" missed="0" covered="17"/><counter type="LINE" missed="0" covered="2"/><counter type="COMPLEXITY" missed="0" covered="1"/><counter type="METHOD" missed="0" covered="1"/><counter type="CLASS" missed="0" covered="1"/></class><class name="com/lampcontrol/api/apis/DefaultApiKt$DefaultApi$$inlined$put$1" sourcefilename="Routing.kt"><method name="invoke" desc="(Lio/ktor/server/routing/Route;)V" line="127"><counter type="INSTRUCTION" missed="0" covered="17"/><counter type="LINE" missed="0" covered="2"/><counter type="COMPLEXITY" missed="0" covered="1"/><counter type="METHOD" missed="0" covered="1"/></method><counter type="INSTRUCTION" missed="0" covered="17"/><counter type="LINE" missed="0" covered="2"/><counter type="COMPLEXITY" missed="0" covered="1"/><counter type="METHOD" missed="0" covered="1"/><counter type="CLASS" missed="0" covered="1"/></class><class name="com/lampcontrol/api/apis/DefaultApiKt$DefaultApi$$inlined$post$1" sourcefilename="Routing.kt"><method name="invoke" desc="(Lio/ktor/server/routing/Route;)V" line="94"><counter type="INSTRUCTION" missed="0" covered="17"/><counter type="LINE" missed="0" covered="2"/><counter type="COMPLEXITY" missed="0" covered="1"/><counter type="METHOD" missed="0" covered="1"/></method><counter type="INSTRUCTION" missed="0" covered="17"/><counter type="LINE" missed="0" covered="2"/><counter type="COMPLEXITY" missed="0" covered="1"/><counter type="METHOD" missed="0" covered="1"/><counter type="CLASS" missed="0" covered="1"/></class><class name="com/lampcontrol/api/apis/DefaultApiKt$DefaultApi$$inlined$get$2$1" sourcefilename="Routing.kt"><method name="invoke" desc="(Lio/ktor/server/routing/Route;)V" line="38"><counter type="INSTRUCTION" missed="0" covered="11"/><counter type="LINE" missed="0" covered="2"/><counter type="COMPLEXITY" missed="0" covered="1"/><counter type="METHOD" missed="0" covered="1"/></method><counter type="INSTRUCTION" missed="0" covered="11"/><counter type="LINE" missed="0" covered="2"/><counter type="COMPLEXITY" missed="0" covered="1"/><counter type="METHOD" missed="0" covered="1"/><counter type="CLASS" missed="0" covered="1"/></class><class name="com/lampcontrol/api/apis/DefaultApiKt$DefaultApi$3" sourcefilename="DefaultApi.kt"><method name="invokeSuspend" desc="(Ljava/lang/Object;)Ljava/lang/Object;" line="56"><counter type="INSTRUCTION" missed="0" covered="43"/><counter type="BRANCH" missed="0" covered="2"/><counter type="LINE" missed="0" covered="7"/><counter type="COMPLEXITY" missed="0" covered="2"/><counter type="METHOD" missed="0" covered="1"/></method><counter type="INSTRUCTION" missed="0" covered="43"/><counter type="BRANCH" missed="0" covered="2"/><counter type="LINE" missed="0" covered="7"/><counter type="COMPLEXITY" missed="0" covered="2"/><counter type="METHOD" missed="0" covered="1"/><counter type="CLASS" missed="0" covered="1"/></class><class name="com/lampcontrol/api/apis/DefaultApiKt$DefaultApi$2" sourcefilename="DefaultApi.kt"><method name="invokeSuspend" desc="(Ljava/lang/Object;)Ljava/lang/Object;" line="46"><counter type="INSTRUCTION" missed="0" covered="43"/><counter type="BRANCH" missed="0" covered="2"/><counter type="LINE" missed="0" covered="7"/><counter type="COMPLEXITY" missed="0" covered="2"/><counter type="METHOD" missed="0" covered="1"/></method><counter type="INSTRUCTION" missed="0" covered="43"/><counter type="BRANCH" missed="0" covered="2"/><counter type="LINE" missed="0" covered="7"/><counter type="COMPLEXITY" missed="0" covered="2"/><counter type="METHOD" missed="0" covered="1"/><counter type="CLASS" missed="0" covered="1"/></class><class name="com/lampcontrol/api/apis/DefaultApiKt$DefaultApi$5" sourcefilename="DefaultApi.kt"><method name="invokeSuspend" desc="(Ljava/lang/Object;)Ljava/lang/Object;" line="71"><counter type="INSTRUCTION" missed="15" covered="53"/><counter type="BRANCH" missed="0" covered="2"/><counter type="LINE" missed="2" covered="9"/><counter type="COMPLEXITY" missed="0" covered="2"/><counter type="METHOD" missed="0" covered="1"/></method><counter type="INSTRUCTION" missed="15" covered="53"/><counter type="BRANCH" missed="0" covered="2"/><counter type="LINE" missed="2" covered="9"/><counter type="COMPLEXITY" missed="0" covered="2"/><counter type="METHOD" missed="0" covered="1"/><counter type="CLASS" missed="0" covered="1"/></class><class name="com/lampcontrol/api/apis/DefaultApiKt$DefaultApi$4" sourcefilename="DefaultApi.kt"><method name="invokeSuspend" desc="(Ljava/lang/Object;)Ljava/lang/Object;" line="66"><counter type="INSTRUCTION" missed="0" covered="19"/><counter type="LINE" missed="0" covered="4"/><counter type="COMPLEXITY" missed="0" covered="1"/><counter type="METHOD" missed="0" covered="1"/></method><counter type="INSTRUCTION" missed="0" covered="19"/><counter type="LINE" missed="0" covered="4"/><counter type="COMPLEXITY" missed="0" covered="1"/><counter type="METHOD" missed="0" covered="1"/><counter type="CLASS" missed="0" covered="1"/></class><class name="com/lampcontrol/api/apis/DefaultApiKt$DefaultApi$$inlined$put$1$1" sourcefilename="Routing.kt"><method name="invoke" desc="(Lio/ktor/server/routing/Route;)V" line="128"><counter type="INSTRUCTION" missed="0" covered="11"/><counter type="LINE" missed="0" covered="2"/><counter type="COMPLEXITY" missed="0" covered="1"/><counter type="METHOD" missed="0" covered="1"/></method><counter type="INSTRUCTION" missed="0" covered="11"/><counter type="LINE" missed="0" covered="2"/><counter type="COMPLEXITY" missed="0" covered="1"/><counter type="METHOD" missed="0" covered="1"/><counter type="CLASS" missed="0" covered="1"/></class><class name="com/lampcontrol/api/apis/DefaultApiKt$DefaultApi$$inlined$delete$1$1" sourcefilename="Routing.kt"><method name="invoke" desc="(Lio/ktor/server/routing/Route;)V" line="161"><counter type="INSTRUCTION" missed="0" covered="11"/><counter type="LINE" missed="0" covered="2"/><counter type="COMPLEXITY" missed="0" covered="1"/><counter type="METHOD" missed="0" covered="1"/></method><counter type="INSTRUCTION" missed="0" covered="11"/><counter type="LINE" missed="0" covered="2"/><counter type="COMPLEXITY" missed="0" covered="1"/><counter type="METHOD" missed="0" covered="1"/><counter type="CLASS" missed="0" covered="1"/></class><class name="com/lampcontrol/api/apis/DefaultApiKt" sourcefilename="DefaultApi.kt"><method name="DefaultApi" desc="(Lio/ktor/server/routing/Route;Lcom/lampcontrol/repository/LampRepository;)V" line="36"><counter type="INSTRUCTION" missed="0" covered="62"/><counter type="LINE" missed="0" covered="6"/><counter type="COMPLEXITY" missed="0" covered="1"/><counter type="METHOD" missed="0" covered="1"/></method><counter type="INSTRUCTION" missed="0" covered="62"/><counter type="LINE" missed="0" covered="6"/><counter type="COMPLEXITY" missed="0" covered="1"/><counter type="METHOD" missed="0" covered="1"/><counter type="CLASS" missed="0" covered="1"/></class><class name="com/lampcontrol/api/apis/DefaultApiKt$DefaultApi$1" sourcefilename="DefaultApi.kt"><method name="invokeSuspend" desc="(Ljava/lang/Object;)Ljava/lang/Object;" line="36"><counter type="INSTRUCTION" missed="0" covered="44"/><counter type="LINE" missed="0" covered="8"/><counter type="COMPLEXITY" missed="0" covered="1"/><counter type="METHOD" missed="0" covered="1"/></method><counter type="INSTRUCTION" missed="0" covered="44"/><counter type="LINE" missed="0" covered="8"/><counter type="COMPLEXITY" missed="0" covered="1"/><counter type="METHOD" missed="0" covered="1"/><counter type="CLASS" missed="0" covered="1"/></class><sourcefile name="DefaultApi.kt"><line nr="36" mi="0" ci="15" mb="0" cb="0"/><line nr="37" mi="0" ci="1" mb="0" cb="0"/><line nr="38" mi="0" ci="8" mb="0" cb="0"/><line nr="39" mi="0" ci="5" mb="0" cb="0"/><line nr="40" mi="0" ci="9" mb="0" cb="0"/><line nr="41" mi="0" ci="1" mb="0" cb="0"/><line nr="42" mi="0" ci="14" mb="0" cb="0"/><line nr="44" mi="0" ci="2" mb="0" cb="0"/><line nr="46" mi="0" ci="19" mb="0" cb="0"/><line nr="47" mi="0" ci="3" mb="0" cb="0"/><line nr="48" mi="0" ci="5" mb="0" cb="0"/><line nr="49" mi="0" ci="2" mb="0" cb="2"/><line nr="50" mi="0" ci="9" mb="0" cb="0"/><line nr="52" mi="0" ci="14" mb="0" cb="0"/><line nr="54" mi="0" ci="2" mb="0" cb="0"/><line nr="56" mi="0" ci="19" mb="0" cb="0"/><line nr="57" mi="0" ci="3" mb="0" cb="0"/><line nr="58" mi="0" ci="5" mb="0" cb="0"/><line nr="59" mi="0" ci="2" mb="0" cb="2"/><line nr="60" mi="0" ci="9" mb="0" cb="0"/><line nr="62" mi="0" ci="14" mb="0" cb="0"/><line nr="64" mi="0" ci="2" mb="0" cb="0"/><line nr="66" mi="0" ci="15" mb="0" cb="0"/><line nr="67" mi="0" ci="4" mb="0" cb="0"/><line nr="68" mi="0" ci="9" mb="0" cb="0"/><line nr="69" mi="0" ci="2" mb="0" cb="0"/><line nr="71" mi="0" ci="19" mb="0" cb="0"/><line nr="72" mi="0" ci="1" mb="0" cb="0"/><line nr="73" mi="0" ci="3" mb="0" cb="0"/><line nr="74" mi="0" ci="8" mb="0" cb="0"/><line nr="75" mi="0" ci="6" mb="0" cb="0"/><line nr="76" mi="0" ci="2" mb="0" cb="2"/><line nr="77" mi="0" ci="9" mb="0" cb="0"/><line nr="79" mi="0" ci="14" mb="0" cb="0"/><line nr="81" mi="1" ci="0" mb="0" cb="0"/><line nr="82" mi="14" ci="0" mb="0" cb="0"/><line nr="84" mi="0" ci="2" mb="0" cb="0"/><line nr="85" mi="0" ci="1" mb="0" cb="0"/><counter type="INSTRUCTION" missed="15" covered="264"/><counter type="BRANCH" missed="0" covered="6"/><counter type="LINE" missed="2" covered="36"/><counter type="COMPLEXITY" missed="0" covered="9"/><counter type="METHOD" missed="0" covered="6"/><counter type="CLASS" missed="0" covered="6"/></sourcefile><sourcefile name="Routing.kt"><line nr="37" mi="0" ci="26" mb="0" cb="0"/><line nr="38" mi="0" ci="14" mb="0" cb="0"/><line nr="39" mi="0" ci="2" mb="0" cb="0"/><line nr="40" mi="0" ci="2" mb="0" cb="0"/><line nr="94" mi="0" ci="13" mb="0" cb="0"/><line nr="95" mi="0" ci="7" mb="0" cb="0"/><line nr="96" mi="0" ci="1" mb="0" cb="0"/><line nr="97" mi="0" ci="1" mb="0" cb="0"/><line nr="127" mi="0" ci="13" mb="0" cb="0"/><line nr="128" mi="0" ci="7" mb="0" cb="0"/><line nr="129" mi="0" ci="1" mb="0" cb="0"/><line nr="130" mi="0" ci="1" mb="0" cb="0"/><line nr="160" mi="0" ci="13" mb="0" cb="0"/><line nr="161" mi="0" ci="7" mb="0" cb="0"/><line nr="162" mi="0" ci="1" mb="0" cb="0"/><line nr="163" mi="0" ci="1" mb="0" cb="0"/><counter type="INSTRUCTION" missed="0" covered="140"/><counter type="LINE" missed="0" covered="16"/><counter type="COMPLEXITY" missed="0" covered="10"/><counter type="METHOD" missed="0" covered="10"/><counter type="CLASS" missed="0" covered="10"/></sourcefile><counter type="INSTRUCTION" missed="15" covered="404"/><counter type="BRANCH" missed="0" covered="6"/><counter type="LINE" missed="2" covered="52"/><counter type="COMPLEXITY" missed="0" covered="19"/><counter type="METHOD" missed="0" covered="16"/><counter type="CLASS" missed="0" covered="16"/></package><package name="com/lampcontrol/api"><class name="com/lampcontrol/api/Paths$createLamp$Companion" sourcefilename="Paths.kt"><method name="serializer" desc="()Lkotlinx/serialization/KSerializer;" line="24"><counter type="INSTRUCTION" missed="0" covered="3"/><counter type="LINE" missed="0" covered="1"/><counter type="COMPLEXITY" missed="0" covered="1"/><counter type="METHOD" missed="0" covered="1"/></method><counter type="INSTRUCTION" missed="0" covered="3"/><counter type="LINE" missed="0" covered="1"/><counter type="COMPLEXITY" missed="0" covered="1"/><counter type="METHOD" missed="0" covered="1"/><counter type="CLASS" missed="0" covered="1"/></class><class name="com/lampcontrol/api/Paths$getLamp$Companion" sourcefilename="Paths.kt"><method name="serializer" desc="()Lkotlinx/serialization/KSerializer;" line="38"><counter type="INSTRUCTION" missed="0" covered="3"/><counter type="LINE" missed="0" covered="1"/><counter type="COMPLEXITY" missed="0" covered="1"/><counter type="METHOD" missed="0" covered="1"/></method><counter type="INSTRUCTION" missed="0" covered="3"/><counter type="LINE" missed="0" covered="1"/><counter type="COMPLEXITY" missed="0" covered="1"/><counter type="METHOD" missed="0" covered="1"/><counter type="CLASS" missed="0" covered="1"/></class><class name="com/lampcontrol/api/ConfigurationKt" sourcefilename="Configuration.kt"><method name="ApplicationHstsConfiguration" desc="()Lkotlin/jvm/functions/Function1;" line="23"><counter type="INSTRUCTION" missed="2" covered="0"/><counter type="LINE" missed="1" covered="0"/><counter type="COMPLEXITY" missed="1" covered="0"/><counter type="METHOD" missed="1" covered="0"/></method><method name="ApplicationCompressionConfiguration" desc="()Lkotlin/jvm/functions/Function1;" line="42"><counter type="INSTRUCTION" missed="2" covered="0"/><counter type="LINE" missed="1" covered="0"/><counter type="COMPLEXITY" missed="1" covered="0"/><counter type="METHOD" missed="1" covered="0"/></method><method name="applicationAuthProvider" desc="(Lio/ktor/server/config/ApplicationConfig;)Lio/ktor/server/auth/OAuthServerSettings;" line="55"><counter type="INSTRUCTION" missed="44" covered="0"/><counter type="LINE" missed="9" covered="0"/><counter type="COMPLEXITY" missed="1" covered="0"/><counter type="METHOD" missed="1" covered="0"/></method><method name="ApplicationHstsConfiguration$lambda$0" desc="(Lio/ktor/server/plugins/hsts/HSTSConfig;)Lkotlin/Unit;" line="24"><counter type="INSTRUCTION" missed="16" covered="0"/><counter type="LINE" missed="4" covered="0"/><counter type="COMPLEXITY" missed="1" covered="0"/><counter type="METHOD" missed="1" covered="0"/></method><method name="ApplicationCompressionConfiguration$lambda$3$lambda$1" desc="(Lio/ktor/server/plugins/compression/CompressionEncoderBuilder;)Lkotlin/Unit;" line="44"><counter type="INSTRUCTION" missed="8" covered="0"/><counter type="LINE" missed="2" covered="0"/><counter type="COMPLEXITY" missed="1" covered="0"/><counter type="METHOD" missed="1" covered="0"/></method><method name="ApplicationCompressionConfiguration$lambda$3$lambda$2" desc="(Lio/ktor/server/plugins/compression/CompressionEncoderBuilder;)Lkotlin/Unit;" line="47"><counter type="INSTRUCTION" missed="12" covered="0"/><counter type="LINE" missed="3" covered="0"/><counter type="COMPLEXITY" missed="1" covered="0"/><counter type="METHOD" missed="1" covered="0"/></method><method name="ApplicationCompressionConfiguration$lambda$3" desc="(Lio/ktor/server/plugins/compression/CompressionConfig;)Lkotlin/Unit;" line="43"><counter type="INSTRUCTION" missed="11" covered="0"/><counter type="LINE" missed="3" covered="0"/><counter type="COMPLEXITY" missed="1" covered="0"/><counter type="METHOD" missed="1" covered="0"/></method><counter type="INSTRUCTION" missed="95" covered="0"/><counter type="LINE" missed="23" covered="0"/><counter type="COMPLEXITY" missed="7" covered="0"/><counter type="METHOD" missed="7" covered="0"/><counter type="CLASS" missed="1" covered="0"/></class><class name="com/lampcontrol/api/Paths$createLamp" sourcefilename="Paths.kt"><method name="&lt;init&gt;" desc="()V" line="24"><counter type="INSTRUCTION" missed="3" covered="0"/><counter type="LINE" missed="1" covered="0"/><counter type="COMPLEXITY" missed="1" covered="0"/><counter type="METHOD" missed="1" covered="0"/></method><counter type="INSTRUCTION" missed="3" covered="0"/><counter type="LINE" missed="1" covered="0"/><counter type="COMPLEXITY" missed="1" covered="0"/><counter type="METHOD" missed="1" covered="0"/><counter type="CLASS" missed="1" covered="0"/></class><class name="com/lampcontrol/api/AppMainKt" sourcefilename="AppMain.kt"><method name="main" desc="(Lio/ktor/server/application/Application;)V" line="20"><counter type="INSTRUCTION" missed="69" covered="0"/><counter type="LINE" missed="10" covered="0"/><counter type="COMPLEXITY" missed="1" covered="0"/><counter type="METHOD" missed="1" covered="0"/></method><method name="main$lambda$0" desc="(Lio/ktor/server/application/Application;Lio/ktor/server/metrics/dropwizard/DropwizardMetricsConfig;)Lkotlin/Unit;" line="24"><counter type="INSTRUCTION" missed="21" covered="0"/><counter type="LINE" missed="7" covered="0"/><counter type="COMPLEXITY" missed="1" covered="0"/><counter type="METHOD" missed="1" covered="0"/></method><method name="main$lambda$1" desc="(Lio/ktor/server/plugins/contentnegotiation/ContentNegotiationConfig;)Lkotlin/Unit;" line="32"><counter type="INSTRUCTION" missed="12" covered="0"/><counter type="LINE" missed="2" covered="0"/><counter type="COMPLEXITY" missed="1" covered="0"/><counter type="METHOD" missed="1" covered="0"/></method><method name="main$lambda$2" desc="(Lcom/lampcontrol/service/InMemoryLampRepository;Lio/ktor/server/routing/Routing;)Lkotlin/Unit;" line="39"><counter type="INSTRUCTION" missed="10" covered="0"/><counter type="LINE" missed="2" covered="0"/><counter type="COMPLEXITY" missed="1" covered="0"/><counter type="METHOD" missed="1" covered="0"/></method><counter type="INSTRUCTION" missed="112" covered="0"/><counter type="LINE" missed="21" covered="0"/><counter type="COMPLEXITY" missed="4" covered="0"/><counter type="METHOD" missed="4" covered="0"/><counter type="CLASS" missed="1" covered="0"/></class><class name="com/lampcontrol/api/Paths$deleteLamp" sourcefilename="Paths.kt"><method name="&lt;init&gt;" desc="(Ljava/lang/String;)V" line="31"><counter type="INSTRUCTION" missed="9" covered="0"/><counter type="LINE" missed="1" covered="0"/><counter type="COMPLEXITY" missed="1" covered="0"/><counter type="METHOD" missed="1" covered="0"/></method><method name="getLampId" desc="()Ljava/lang/String;" line="31"><counter type="INSTRUCTION" missed="0" covered="3"/><counter type="LINE" missed="0" covered="1"/><counter type="COMPLEXITY" missed="0" covered="1"/><counter type="METHOD" missed="0" covered="1"/></method><counter type="INSTRUCTION" missed="9" covered="3"/><counter type="LINE" missed="0" covered="1"/><counter type="COMPLEXITY" missed="1" covered="1"/><counter type="METHOD" missed="1" covered="1"/><counter type="CLASS" missed="0" covered="1"/></class><class name="com/lampcontrol/api/Paths$listLamps$Companion" sourcefilename="Paths.kt"><method name="serializer" desc="()Lkotlinx/serialization/KSerializer;" line="44"><counter type="INSTRUCTION" missed="0" covered="3"/><counter type="LINE" missed="0" covered="1"/><counter type="COMPLEXITY" missed="0" covered="1"/><counter type="METHOD" missed="0" covered="1"/></method><counter type="INSTRUCTION" missed="0" covered="3"/><counter type="LINE" missed="0" covered="1"/><counter type="COMPLEXITY" missed="0" covered="1"/><counter type="METHOD" missed="0" covered="1"/><counter type="CLASS" missed="0" covered="1"/></class><class name="com/lampcontrol/api/Paths$getLamp" sourcefilename="Paths.kt"><method name="&lt;init&gt;" desc="(Ljava/lang/String;)V" line="38"><counter type="INSTRUCTION" missed="9" covered="0"/><counter type="LINE" missed="1" covered="0"/><counter type="COMPLEXITY" missed="1" covered="0"/><counter type="METHOD" missed="1" covered="0"/></method><method name="getLampId" desc="()Ljava/lang/String;" line="38"><counter type="INSTRUCTION" missed="0" covered="3"/><counter type="LINE" missed="0" covered="1"/><counter type="COMPLEXITY" missed="0" covered="1"/><counter type="METHOD" missed="0" covered="1"/></method><counter type="INSTRUCTION" missed="9" covered="3"/><counter type="LINE" missed="0" covered="1"/><counter type="COMPLEXITY" missed="1" covered="1"/><counter type="METHOD" missed="1" covered="1"/><counter type="CLASS" missed="0" covered="1"/></class><class name="com/lampcontrol/api/Paths$updateLamp" sourcefilename="Paths.kt"><method name="&lt;init&gt;" desc="(Ljava/lang/String;)V" line="52"><counter type="INSTRUCTION" missed="9" covered="0"/><counter type="LINE" missed="1" covered="0"/><counter type="COMPLEXITY" missed="1" covered="0"/><counter type="METHOD" missed="1" covered="0"/></method><method name="getLampId" desc="()Ljava/lang/String;" line="52"><counter type="INSTRUCTION" missed="0" covered="3"/><counter type="LINE" missed="0" covered="1"/><counter type="COMPLEXITY" missed="0" covered="1"/><counter type="METHOD" missed="0" covered="1"/></method><counter type="INSTRUCTION" missed="9" covered="3"/><counter type="LINE" missed="0" covered="1"/><counter type="COMPLEXITY" missed="1" covered="1"/><counter type="METHOD" missed="1" covered="1"/><counter type="CLASS" missed="0" covered="1"/></class><class name="com/lampcontrol/api/Paths" sourcefilename="Paths.kt"/><class name="com/lampcontrol/api/Paths$deleteLamp$Companion" sourcefilename="Paths.kt"><method name="serializer" desc="()Lkotlinx/serialization/KSerializer;" line="31"><counter type="INSTRUCTION" missed="0" covered="3"/><counter type="LINE" missed="0" covered="1"/><counter type="COMPLEXITY" missed="0" covered="1"/><counter type="METHOD" missed="0" covered="1"/></method><counter type="INSTRUCTION" missed="0" covered="3"/><counter type="LINE" missed="0" covered="1"/><counter type="COMPLEXITY" missed="0" covered="1"/><counter type="METHOD" missed="0" covered="1"/><counter type="CLASS" missed="0" covered="1"/></class><class name="com/lampcontrol/api/Paths$listLamps" sourcefilename="Paths.kt"><method name="&lt;init&gt;" desc="()V" line="44"><counter type="INSTRUCTION" missed="3" covered="0"/><counter type="LINE" missed="1" covered="0"/><counter type="COMPLEXITY" missed="1" covered="0"/><counter type="METHOD" missed="1" covered="0"/></method><counter type="INSTRUCTION" missed="3" covered="0"/><counter type="LINE" missed="1" covered="0"/><counter type="COMPLEXITY" missed="1" covered="0"/><counter type="METHOD" missed="1" covered="0"/><counter type="CLASS" missed="1" covered="0"/></class><class name="com/lampcontrol/api/Paths$updateLamp$Companion" sourcefilename="Paths.kt"><method name="serializer" desc="()Lkotlinx/serialization/KSerializer;" line="52"><counter type="INSTRUCTION" missed="0" covered="3"/><counter type="LINE" missed="0" covered="1"/><counter type="COMPLEXITY" missed="0" covered="1"/><counter type="METHOD" missed="0" covered="1"/></method><counter type="INSTRUCTION" missed="0" covered="3"/><counter type="LINE" missed="0" covered="1"/><counter type="COMPLEXITY" missed="0" covered="1"/><counter type="METHOD" missed="0" covered="1"/><counter type="CLASS" missed="0" covered="1"/></class><sourcefile name="Configuration.kt"><line nr="23" mi="1" ci="0" mb="0" cb="0"/><line nr="24" mi="5" ci="0" mb="0" cb="0"/><line nr="25" mi="3" ci="0" mb="0" cb="0"/><line nr="26" mi="3" ci="0" mb="0" cb="0"/><line nr="30" mi="2" ci="0" mb="0" cb="0"/><line nr="42" mi="1" ci="0" mb="0" cb="0"/><line nr="43" mi="3" ci="0" mb="0" cb="0"/><line nr="44" mi="3" ci="0" mb="0" cb="0"/><line nr="45" mi="2" ci="0" mb="0" cb="0"/><line nr="46" mi="3" ci="0" mb="0" cb="0"/><line nr="47" mi="3" ci="0" mb="0" cb="0"/><line nr="48" mi="4" ci="0" mb="0" cb="0"/><line nr="49" mi="2" ci="0" mb="0" cb="0"/><line nr="50" mi="2" ci="0" mb="0" cb="0"/><line nr="55" mi="14" ci="0" mb="0" cb="0"/><line nr="56" mi="1" ci="0" mb="0" cb="0"/><line nr="57" mi="1" ci="0" mb="0" cb="0"/><line nr="58" mi="1" ci="0" mb="0" cb="0"/><line nr="59" mi="2" ci="0" mb="0" cb="0"/><line nr="60" mi="4" ci="0" mb="0" cb="0"/><line nr="61" mi="4" ci="0" mb="0" cb="0"/><line nr="62" mi="13" ci="0" mb="0" cb="0"/><line nr="63" mi="1" ci="0" mb="0" cb="0"/><counter type="INSTRUCTION" missed="95" covered="0"/><counter type="LINE" missed="23" covered="0"/><counter type="COMPLEXITY" missed="7" covered="0"/><counter type="METHOD" missed="7" covered="0"/><counter type="CLASS" missed="1" covered="0"/></sourcefile><sourcefile name="AppMain.kt"><line nr="20" mi="4" ci="0" mb="0" cb="0"/><line nr="22" mi="9" ci="0" mb="0" cb="0"/><line nr="23" mi="8" ci="0" mb="0" cb="0"/><line nr="24" mi="4" ci="0" mb="0" cb="0"/><line nr="25" mi="3" ci="0" mb="0" cb="0"/><line nr="26" mi="2" ci="0" mb="0" cb="0"/><line nr="27" mi="2" ci="0" mb="0" cb="0"/><line nr="28" mi="1" ci="0" mb="0" cb="0"/><line nr="29" mi="4" ci="0" mb="0" cb="0"/><line nr="30" mi="2" ci="0" mb="0" cb="0"/><line nr="31" mi="7" ci="0" mb="0" cb="0"/><line nr="32" mi="7" ci="0" mb="0" cb="0"/><line nr="33" mi="2" ci="0" mb="0" cb="0"/><line nr="34" mi="9" ci="0" mb="0" cb="0"/><line nr="35" mi="7" ci="0" mb="0" cb="0"/><line nr="36" mi="7" ci="0" mb="0" cb="0"/><line nr="37" mi="9" ci="0" mb="0" cb="0"/><line nr="38" mi="5" ci="0" mb="0" cb="0"/><line nr="39" mi="5" ci="0" mb="0" cb="0"/><line nr="40" mi="2" ci="0" mb="0" cb="0"/><line nr="41" mi="1" ci="0" mb="0" cb="0"/><counter type="INSTRUCTION" missed="112" covered="0"/><counter type="LINE" missed="21" covered="0"/><counter type="COMPLEXITY" missed="4" covered="0"/><counter type="METHOD" missed="4" covered="0"/><counter type="CLASS" missed="1" covered="0"/></sourcefile><sourcefile name="Paths.kt"><line nr="24" mi="3" ci="3" mb="0" cb="0"/><line nr="31" mi="6" ci="6" mb="0" cb="0"/><line nr="38" mi="6" ci="6" mb="0" cb="0"/><line nr="44" mi="3" ci="3" mb="0" cb="0"/><line nr="52" mi="6" ci="6" mb="0" cb="0"/><counter type="INSTRUCTION" missed="33" covered="24"/><counter type="LINE" missed="0" covered="5"/><counter type="COMPLEXITY" missed="5" covered="8"/><counter type="METHOD" missed="5" covered="8"/><counter type="CLASS" missed="2" covered="8"/></sourcefile><counter type="INSTRUCTION" missed="240" covered="24"/><counter type="LINE" missed="44" covered="5"/><counter type="COMPLEXITY" missed="16" covered="8"/><counter type="METHOD" missed="16" covered="8"/><counter type="CLASS" missed="4" covered="8"/></package><package name="com/lampcontrol"><class name="com/lampcontrol/ApplicationKt" sourcefilename="Application.kt"><method name="main" desc="()V" line="9"><counter type="INSTRUCTION" missed="14" covered="0"/><counter type="LINE" missed="3" covered="0"/><counter type="COMPLEXITY" missed="1" covered="0"/><counter type="METHOD" missed="1" covered="0"/></method><method name="module" desc="(Lio/ktor/server/application/Application;)V" line="14"><counter type="INSTRUCTION" missed="0" covered="16"/><counter type="LINE" missed="0" covered="7"/><counter type="COMPLEXITY" missed="0" covered="1"/><counter type="METHOD" missed="0" covered="1"/></method><counter type="INSTRUCTION" missed="14" covered="16"/><counter type="LINE" missed="3" covered="7"/><counter type="COMPLEXITY" missed="1" covered="1"/><counter type="METHOD" missed="1" covered="1"/><counter type="CLASS" missed="0" covered="1"/></class><sourcefile name="Application.kt"><line nr="9" mi="10" ci="0" mb="0" cb="0"/><line nr="10" mi="3" ci="0" mb="0" cb="0"/><line nr="11" mi="1" ci="0" mb="0" cb="0"/><line nr="14" mi="0" ci="2" mb="0" cb="0"/><line nr="15" mi="0" ci="2" mb="0" cb="0"/><line nr="16" mi="0" ci="2" mb="0" cb="0"/><line nr="17" mi="0" ci="2" mb="0" cb="0"/><line nr="18" mi="0" ci="2" mb="0" cb="0"/><line nr="19" mi="0" ci="2" mb="0" cb="0"/><line nr="20" mi="0" ci="1" mb="0" cb="0"/><counter type="INSTRUCTION" missed="14" covered="16"/><counter type="LINE" missed="3" covered="7"/><counter type="COMPLEXITY" missed="1" covered="1"/><counter type="METHOD" missed="1" covered="1"/><counter type="CLASS" missed="0" covered="1"/></sourcefile><counter type="INSTRUCTION" missed="14" covered="16"/><counter type="LINE" missed="3" covered="7"/><counter type="COMPLEXITY" missed="1" covered="1"/><counter type="METHOD" missed="1" covered="1"/><counter type="CLASS" missed="0" covered="1"/></package><counter type="INSTRUCTION" missed="312" covered="1377"/><counter type="BRANCH" missed="3" covered="25"/><counter type="LINE" missed="55" covered="204"/><counter type="COMPLEXITY" missed="25" covered="100"/><counter type="METHOD" missed="23" covered="88"/><counter type="CLASS" missed="5" covered="52"/></report>